{"/Users/preet/Developer/blinksapp/app/layout.tsx": {"path":"/Users/preet/Developer/blinksapp/app/layout.tsx","statementMap":{"0":{"start":{"line":12,"column":14},"end":{"line":12,"column":43}},"1":{"start":{"line":14,"column":34},"end":{"line":18,"column":1}},"2":{"start":{"line":25,"column":2},"end":{"line":42,"column":3}}},"fnMap":{"0":{"name":"RootLayout","decl":{"start":{"line":20,"column":24},"end":{"line":20,"column":34}},"loc":{"start":{"line":24,"column":4},"end":{"line":43,"column":1}},"line":24}},"branchMap":{},"s":{"0":0,"1":0,"2":0},"f":{"0":0},"b":{}}
,"/Users/preet/Developer/blinksapp/app/page.tsx": {"path":"/Users/preet/Developer/blinksapp/app/page.tsx","statementMap":{"0":{"start":{"line":6,"column":2},"end":{"line":225,"column":3}}},"fnMap":{"0":{"name":"Home","decl":{"start":{"line":5,"column":24},"end":{"line":5,"column":28}},"loc":{"start":{"line":5,"column":31},"end":{"line":226,"column":1}},"line":5}},"branchMap":{},"s":{"0":0},"f":{"0":0},"b":{}}
,"/Users/preet/Developer/blinksapp/app/api/actions/donate/[id]/route.ts": {"path":"/Users/preet/Developer/blinksapp/app/api/actions/donate/[id]/route.ts","statementMap":{"0":{"start":{"line":7,"column":2},"end":{"line":79,"column":3}},"1":{"start":{"line":8,"column":15},"end":{"line":8,"column":24}},"2":{"start":{"line":10,"column":4},"end":{"line":12,"column":5}},"3":{"start":{"line":11,"column":6},"end":{"line":11,"column":78}},"4":{"start":{"line":14,"column":19},"end":{"line":14,"column":38}},"5":{"start":{"line":15,"column":15},"end":{"line":15,"column":36}},"6":{"start":{"line":18,"column":18},"end":{"line":20,"column":6}},"7":{"start":{"line":22,"column":4},"end":{"line":24,"column":5}},"8":{"start":{"line":23,"column":6},"end":{"line":23,"column":77}},"9":{"start":{"line":27,"column":21},"end":{"line":71,"column":5}},"10":{"start":{"line":73,"column":4},"end":{"line":75,"column":6}},"11":{"start":{"line":77,"column":4},"end":{"line":77,"column":49}},"12":{"start":{"line":78,"column":4},"end":{"line":78,"column":81}}},"fnMap":{"0":{"name":"GET","decl":{"start":{"line":6,"column":22},"end":{"line":6,"column":25}},"loc":{"start":{"line":6,"column":80},"end":{"line":80,"column":1}},"line":6}},"branchMap":{"0":{"loc":{"start":{"line":10,"column":4},"end":{"line":12,"column":5}},"type":"if","locations":[{"start":{"line":10,"column":4},"end":{"line":12,"column":5}},{"start":{},"end":{}}],"line":10},"1":{"loc":{"start":{"line":22,"column":4},"end":{"line":24,"column":5}},"type":"if","locations":[{"start":{"line":22,"column":4},"end":{"line":24,"column":5}},{"start":{},"end":{}}],"line":22}},"s":{"0":0,"1":0,"2":0,"3":0,"4":0,"5":0,"6":0,"7":0,"8":0,"9":0,"10":0,"11":0,"12":0},"f":{"0":0},"b":{"0":[0,0],"1":[0,0]}}
,"/Users/preet/Developer/blinksapp/app/api/actions/donate/[id]/transaction/route.ts": {"path":"/Users/preet/Developer/blinksapp/app/api/actions/donate/[id]/transaction/route.ts","statementMap":{"0":{"start":{"line":8,"column":2},"end":{"line":83,"column":3}},"1":{"start":{"line":9,"column":15},"end":{"line":9,"column":24}},"2":{"start":{"line":10,"column":29},"end":{"line":10,"column":45}},"3":{"start":{"line":11,"column":24},"end":{"line":11,"column":50}},"4":{"start":{"line":13,"column":17},"end":{"line":13,"column":33}},"5":{"start":{"line":14,"column":31},"end":{"line":14,"column":35}},"6":{"start":{"line":16,"column":4},"end":{"line":18,"column":5}},"7":{"start":{"line":17,"column":6},"end":{"line":17,"column":77}},"8":{"start":{"line":22,"column":4},"end":{"line":28,"column":5}},"9":{"start":{"line":23,"column":6},"end":{"line":23,"column":45}},"10":{"start":{"line":24,"column":11},"end":{"line":28,"column":5}},"11":{"start":{"line":25,"column":6},"end":{"line":25,"column":46}},"12":{"start":{"line":27,"column":6},"end":{"line":27,"column":18}},"13":{"start":{"line":31,"column":21},"end":{"line":31,"column":58}},"14":{"start":{"line":34,"column":24},"end":{"line":34,"column":41}},"15":{"start":{"line":37,"column":4},"end":{"line":43,"column":5}},"16":{"start":{"line":46,"column":34},"end":{"line":51,"column":25}},"17":{"start":{"line":54,"column":19},"end":{"line":54,"column":38}},"18":{"start":{"line":55,"column":15},"end":{"line":55,"column":36}},"19":{"start":{"line":57,"column":4},"end":{"line":63,"column":6}},"20":{"start":{"line":65,"column":4},"end":{"line":73,"column":5}},"21":{"start":{"line":75,"column":4},"end":{"line":75,"column":55}},"22":{"start":{"line":76,"column":4},"end":{"line":82,"column":5}}},"fnMap":{"0":{"name":"POST","decl":{"start":{"line":7,"column":22},"end":{"line":7,"column":26}},"loc":{"start":{"line":7,"column":81},"end":{"line":84,"column":1}},"line":7}},"branchMap":{"0":{"loc":{"start":{"line":16,"column":4},"end":{"line":18,"column":5}},"type":"if","locations":[{"start":{"line":16,"column":4},"end":{"line":18,"column":5}},{"start":{},"end":{}}],"line":16},"1":{"loc":{"start":{"line":22,"column":4},"end":{"line":28,"column":5}},"type":"if","locations":[{"start":{"line":22,"column":4},"end":{"line":28,"column":5}},{"start":{"line":24,"column":11},"end":{"line":28,"column":5}}],"line":22},"2":{"loc":{"start":{"line":24,"column":11},"end":{"line":28,"column":5}},"type":"if","locations":[{"start":{"line":24,"column":11},"end":{"line":28,"column":5}},{"start":{"line":26,"column":11},"end":{"line":28,"column":5}}],"line":24},"3":{"loc":{"start":{"line":24,"column":15},"end":{"line":24,"column":36}},"type":"binary-expr","locations":[{"start":{"line":24,"column":15},"end":{"line":24,"column":20}},{"start":{"line":24,"column":24},"end":{"line":24,"column":36}}],"line":24}},"s":{"0":0,"1":0,"2":0,"3":0,"4":0,"5":0,"6":0,"7":0,"8":0,"9":0,"10":0,"11":0,"12":0,"13":0,"14":0,"15":0,"16":0,"17":0,"18":0,"19":0,"20":0,"21":0,"22":0},"f":{"0":0},"b":{"0":[0,0],"1":[0,0],"2":[0,0],"3":[0,0]}}
,"/Users/preet/Developer/blinksapp/app/api/actions/generate-blink/route.ts": {"path":"/Users/preet/Developer/blinksapp/app/api/actions/generate-blink/route.ts","statementMap":{"0":{"start":{"line":5,"column":2},"end":{"line":45,"column":3}},"1":{"start":{"line":7,"column":20},"end":{"line":7,"column":36}},"2":{"start":{"line":8,"column":4},"end":{"line":8,"column":45}},"3":{"start":{"line":12,"column":4},"end":{"line":17,"column":5}},"4":{"start":{"line":13,"column":6},"end":{"line":13,"column":32}},"5":{"start":{"line":15,"column":6},"end":{"line":15,"column":54}},"6":{"start":{"line":16,"column":6},"end":{"line":16,"column":90}},"7":{"start":{"line":20,"column":56},"end":{"line":20,"column":60}},"8":{"start":{"line":21,"column":4},"end":{"line":23,"column":5}},"9":{"start":{"line":22,"column":6},"end":{"line":22,"column":85}},"10":{"start":{"line":25,"column":19},"end":{"line":25,"column":38}},"11":{"start":{"line":26,"column":15},"end":{"line":26,"column":36}},"12":{"start":{"line":28,"column":19},"end":{"line":36,"column":6}},"13":{"start":{"line":38,"column":4},"end":{"line":38,"column":23}},"14":{"start":{"line":40,"column":22},"end":{"line":40,"column":88}},"15":{"start":{"line":41,"column":4},"end":{"line":41,"column":77}},"16":{"start":{"line":43,"column":4},"end":{"line":43,"column":51}},"17":{"start":{"line":44,"column":4},"end":{"line":44,"column":84}}},"fnMap":{"0":{"name":"POST","decl":{"start":{"line":4,"column":22},"end":{"line":4,"column":26}},"loc":{"start":{"line":4,"column":41},"end":{"line":46,"column":1}},"line":4}},"branchMap":{"0":{"loc":{"start":{"line":21,"column":4},"end":{"line":23,"column":5}},"type":"if","locations":[{"start":{"line":21,"column":4},"end":{"line":23,"column":5}},{"start":{},"end":{}}],"line":21},"1":{"loc":{"start":{"line":21,"column":8},"end":{"line":21,"column":60}},"type":"binary-expr","locations":[{"start":{"line":21,"column":8},"end":{"line":21,"column":13}},{"start":{"line":21,"column":17},"end":{"line":21,"column":23}},{"start":{"line":21,"column":27},"end":{"line":21,"column":39}},{"start":{"line":21,"column":43},"end":{"line":21,"column":49}},{"start":{"line":21,"column":53},"end":{"line":21,"column":60}}],"line":21}},"s":{"0":0,"1":0,"2":0,"3":0,"4":0,"5":0,"6":0,"7":0,"8":0,"9":0,"10":0,"11":0,"12":0,"13":0,"14":0,"15":0,"16":0,"17":0},"f":{"0":0},"b":{"0":[0,0],"1":[0,0,0,0,0]}}
,"/Users/preet/Developer/blinksapp/app/create/page.tsx": {"path":"/Users/preet/Developer/blinksapp/app/create/page.tsx","statementMap":{"0":{"start":{"line":8,"column":26},"end":{"line":8,"column":38}},"1":{"start":{"line":9,"column":40},"end":{"line":9,"column":52}},"2":{"start":{"line":10,"column":28},"end":{"line":10,"column":40}},"3":{"start":{"line":11,"column":34},"end":{"line":11,"column":48}},"4":{"start":{"line":13,"column":2},"end":{"line":38,"column":3}}},"fnMap":{"0":{"name":"CreatePage","decl":{"start":{"line":7,"column":24},"end":{"line":7,"column":34}},"loc":{"start":{"line":7,"column":37},"end":{"line":39,"column":1}},"line":7}},"branchMap":{},"s":{"0":0,"1":0,"2":0,"3":0,"4":0},"f":{"0":0},"b":{}}
,"/Users/preet/Developer/blinksapp/app/how-it-works/page.tsx": {"path":"/Users/preet/Developer/blinksapp/app/how-it-works/page.tsx","statementMap":{"0":{"start":{"line":7,"column":2},"end":{"line":519,"column":3}}},"fnMap":{"0":{"name":"HowItWorksPage","decl":{"start":{"line":6,"column":24},"end":{"line":6,"column":38}},"loc":{"start":{"line":6,"column":41},"end":{"line":520,"column":1}},"line":6}},"branchMap":{},"s":{"0":0},"f":{"0":0},"b":{}}
,"/Users/preet/Developer/blinksapp/app/my-blinks/page.tsx": {"path":"/Users/preet/Developer/blinksapp/app/my-blinks/page.tsx","statementMap":{"0":{"start":{"line":20,"column":35},"end":{"line":20,"column":46}},"1":{"start":{"line":21,"column":30},"end":{"line":21,"column":51}},"2":{"start":{"line":22,"column":32},"end":{"line":22,"column":47}},"3":{"start":{"line":23,"column":30},"end":{"line":23,"column":59}},"4":{"start":{"line":25,"column":2},"end":{"line":29,"column":28}},"5":{"start":{"line":26,"column":4},"end":{"line":28,"column":5}},"6":{"start":{"line":27,"column":6},"end":{"line":27,"column":19}},"7":{"start":{"line":31,"column":22},"end":{"line":47,"column":3}},"8":{"start":{"line":32,"column":4},"end":{"line":32,"column":26}},"9":{"start":{"line":32,"column":20},"end":{"line":32,"column":26}},"10":{"start":{"line":34,"column":4},"end":{"line":34,"column":20}},"11":{"start":{"line":35,"column":4},"end":{"line":46,"column":5}},"12":{"start":{"line":36,"column":23},"end":{"line":36,"column":91}},"13":{"start":{"line":37,"column":19},"end":{"line":37,"column":40}},"14":{"start":{"line":39,"column":6},"end":{"line":41,"column":7}},"15":{"start":{"line":40,"column":8},"end":{"line":40,"column":30}},"16":{"start":{"line":43,"column":6},"end":{"line":43,"column":52}},"17":{"start":{"line":45,"column":6},"end":{"line":45,"column":23}},"18":{"start":{"line":49,"column":21},"end":{"line":53,"column":3}},"19":{"start":{"line":50,"column":4},"end":{"line":50,"column":80}},"20":{"start":{"line":51,"column":4},"end":{"line":51,"column":17}},"21":{"start":{"line":52,"column":4},"end":{"line":52,"column":43}},"22":{"start":{"line":52,"column":21},"end":{"line":52,"column":36}},"23":{"start":{"line":55,"column":22},"end":{"line":59,"column":3}},"24":{"start":{"line":56,"column":22},"end":{"line":56,"column":112}},"25":{"start":{"line":57,"column":23},"end":{"line":57,"column":89}},"26":{"start":{"line":58,"column":4},"end":{"line":58,"column":37}},"27":{"start":{"line":61,"column":2},"end":{"line":71,"column":3}},"28":{"start":{"line":62,"column":4},"end":{"line":70,"column":5}},"29":{"start":{"line":73,"column":2},"end":{"line":148,"column":3}},"30":{"start":{"line":93,"column":12},"end":{"line":136,"column":18}},"31":{"start":{"line":112,"column":35},"end":{"line":112,"column":56}},"32":{"start":{"line":122,"column":35},"end":{"line":122,"column":57}}},"fnMap":{"0":{"name":"MyBlinksPage","decl":{"start":{"line":19,"column":24},"end":{"line":19,"column":36}},"loc":{"start":{"line":19,"column":39},"end":{"line":149,"column":1}},"line":19},"1":{"name":"(anonymous_1)","decl":{"start":{"line":25,"column":12},"end":{"line":25,"column":13}},"loc":{"start":{"line":25,"column":18},"end":{"line":29,"column":3}},"line":25},"2":{"name":"(anonymous_2)","decl":{"start":{"line":31,"column":22},"end":{"line":31,"column":23}},"loc":{"start":{"line":31,"column":34},"end":{"line":47,"column":3}},"line":31},"3":{"name":"(anonymous_3)","decl":{"start":{"line":49,"column":21},"end":{"line":49,"column":22}},"loc":{"start":{"line":49,"column":37},"end":{"line":53,"column":3}},"line":49},"4":{"name":"(anonymous_4)","decl":{"start":{"line":52,"column":15},"end":{"line":52,"column":16}},"loc":{"start":{"line":52,"column":21},"end":{"line":52,"column":36}},"line":52},"5":{"name":"(anonymous_5)","decl":{"start":{"line":55,"column":22},"end":{"line":55,"column":23}},"loc":{"start":{"line":55,"column":38},"end":{"line":59,"column":3}},"line":55},"6":{"name":"(anonymous_6)","decl":{"start":{"line":92,"column":22},"end":{"line":92,"column":23}},"loc":{"start":{"line":93,"column":12},"end":{"line":136,"column":18}},"line":93},"7":{"name":"(anonymous_7)","decl":{"start":{"line":112,"column":29},"end":{"line":112,"column":30}},"loc":{"start":{"line":112,"column":35},"end":{"line":112,"column":56}},"line":112},"8":{"name":"(anonymous_8)","decl":{"start":{"line":122,"column":29},"end":{"line":122,"column":30}},"loc":{"start":{"line":122,"column":35},"end":{"line":122,"column":57}},"line":122}},"branchMap":{"0":{"loc":{"start":{"line":26,"column":4},"end":{"line":28,"column":5}},"type":"if","locations":[{"start":{"line":26,"column":4},"end":{"line":28,"column":5}},{"start":{},"end":{}}],"line":26},"1":{"loc":{"start":{"line":26,"column":8},"end":{"line":26,"column":30}},"type":"binary-expr","locations":[{"start":{"line":26,"column":8},"end":{"line":26,"column":17}},{"start":{"line":26,"column":21},"end":{"line":26,"column":30}}],"line":26},"2":{"loc":{"start":{"line":32,"column":4},"end":{"line":32,"column":26}},"type":"if","locations":[{"start":{"line":32,"column":4},"end":{"line":32,"column":26}},{"start":{},"end":{}}],"line":32},"3":{"loc":{"start":{"line":39,"column":6},"end":{"line":41,"column":7}},"type":"if","locations":[{"start":{"line":39,"column":6},"end":{"line":41,"column":7}},{"start":{},"end":{}}],"line":39},"4":{"loc":{"start":{"line":61,"column":2},"end":{"line":71,"column":3}},"type":"if","locations":[{"start":{"line":61,"column":2},"end":{"line":71,"column":3}},{"start":{},"end":{}}],"line":61},"5":{"loc":{"start":{"line":83,"column":7},"end":{"line":146,"column":7}},"type":"cond-expr","locations":[{"start":{"line":84,"column":8},"end":{"line":89,"column":14}},{"start":{"line":90,"column":10},"end":{"line":146,"column":7}}],"line":83},"6":{"loc":{"start":{"line":90,"column":10},"end":{"line":146,"column":7}},"type":"cond-expr","locations":[{"start":{"line":91,"column":8},"end":{"line":138,"column":14}},{"start":{"line":140,"column":8},"end":{"line":145,"column":14}}],"line":90},"7":{"loc":{"start":{"line":95,"column":17},"end":{"line":101,"column":17}},"type":"cond-expr","locations":[{"start":{"line":96,"column":18},"end":{"line":96,"column":114}},{"start":{"line":98,"column":18},"end":{"line":100,"column":24}}],"line":95},"8":{"loc":{"start":{"line":96,"column":30},"end":{"line":96,"column":62}},"type":"binary-expr","locations":[{"start":{"line":96,"column":30},"end":{"line":96,"column":40}},{"start":{"line":96,"column":44},"end":{"line":96,"column":62}}],"line":96},"9":{"loc":{"start":{"line":116,"column":21},"end":{"line":116,"column":92}},"type":"cond-expr","locations":[{"start":{"line":116,"column":44},"end":{"line":116,"column":53}},{"start":{"line":116,"column":56},"end":{"line":116,"column":92}}],"line":116}},"s":{"0":0,"1":0,"2":0,"3":0,"4":0,"5":0,"6":0,"7":0,"8":0,"9":0,"10":0,"11":0,"12":0,"13":0,"14":0,"15":0,"16":0,"17":0,"18":0,"19":0,"20":0,"21":0,"22":0,"23":0,"24":0,"25":0,"26":0,"27":0,"28":0,"29":0,"30":0,"31":0,"32":0},"f":{"0":0,"1":0,"2":0,"3":0,"4":0,"5":0,"6":0,"7":0,"8":0},"b":{"0":[0,0],"1":[0,0],"2":[0,0],"3":[0,0],"4":[0,0],"5":[0,0],"6":[0,0],"7":[0,0],"8":[0,0],"9":[0,0]}}
,"/Users/preet/Developer/blinksapp/app/sell-token/page.tsx": {"path":"/Users/preet/Developer/blinksapp/app/sell-token/page.tsx","statementMap":{"0":{"start":{"line":11,"column":35},"end":{"line":11,"column":46}},"1":{"start":{"line":12,"column":26},"end":{"line":12,"column":38}},"2":{"start":{"line":13,"column":40},"end":{"line":13,"column":52}},"3":{"start":{"line":14,"column":38},"end":{"line":14,"column":51}},"4":{"start":{"line":15,"column":46},"end":{"line":15,"column":75}},"5":{"start":{"line":16,"column":40},"end":{"line":16,"column":55}},"6":{"start":{"line":17,"column":32},"end":{"line":17,"column":47}},"7":{"start":{"line":18,"column":36},"end":{"line":18,"column":90}},"8":{"start":{"line":19,"column":36},"end":{"line":19,"column":48}},"9":{"start":{"line":20,"column":30},"end":{"line":20,"column":45}},"10":{"start":{"line":21,"column":40},"end":{"line":21,"column":55}},"11":{"start":{"line":23,"column":24},"end":{"line":45,"column":3}},"12":{"start":{"line":24,"column":4},"end":{"line":27,"column":5}},"13":{"start":{"line":25,"column":6},"end":{"line":25,"column":49}},"14":{"start":{"line":26,"column":6},"end":{"line":26,"column":12}},"15":{"start":{"line":29,"column":4},"end":{"line":29,"column":20}},"16":{"start":{"line":30,"column":4},"end":{"line":44,"column":5}},"17":{"start":{"line":31,"column":23},"end":{"line":31,"column":74}},"18":{"start":{"line":32,"column":6},"end":{"line":34,"column":7}},"19":{"start":{"line":33,"column":8},"end":{"line":33,"column":53}},"20":{"start":{"line":36,"column":19},"end":{"line":36,"column":40}},"21":{"start":{"line":37,"column":6},"end":{"line":37,"column":24}},"22":{"start":{"line":38,"column":6},"end":{"line":38,"column":26}},"23":{"start":{"line":40,"column":6},"end":{"line":40,"column":56}},"24":{"start":{"line":41,"column":6},"end":{"line":41,"column":94}},"25":{"start":{"line":43,"column":6},"end":{"line":43,"column":23}},"26":{"start":{"line":47,"column":23},"end":{"line":90,"column":3}},"27":{"start":{"line":48,"column":4},"end":{"line":51,"column":5}},"28":{"start":{"line":49,"column":6},"end":{"line":49,"column":43}},"29":{"start":{"line":50,"column":6},"end":{"line":50,"column":12}},"30":{"start":{"line":53,"column":4},"end":{"line":57,"column":5}},"31":{"start":{"line":54,"column":6},"end":{"line":54,"column":54}},"32":{"start":{"line":55,"column":6},"end":{"line":55,"column":53}},"33":{"start":{"line":56,"column":6},"end":{"line":56,"column":12}},"34":{"start":{"line":59,"column":4},"end":{"line":59,"column":20}},"35":{"start":{"line":60,"column":4},"end":{"line":89,"column":5}},"36":{"start":{"line":61,"column":28},"end":{"line":61,"column":48}},"37":{"start":{"line":62,"column":23},"end":{"line":75,"column":8}},"38":{"start":{"line":77,"column":6},"end":{"line":79,"column":7}},"39":{"start":{"line":78,"column":8},"end":{"line":78,"column":57}},"40":{"start":{"line":81,"column":19},"end":{"line":81,"column":40}},"41":{"start":{"line":82,"column":6},"end":{"line":82,"column":34}},"42":{"start":{"line":83,"column":6},"end":{"line":83,"column":26}},"43":{"start":{"line":85,"column":6},"end":{"line":85,"column":61}},"44":{"start":{"line":86,"column":6},"end":{"line":86,"column":52}},"45":{"start":{"line":88,"column":6},"end":{"line":88,"column":23}},"46":{"start":{"line":92,"column":21},"end":{"line":96,"column":3}},"47":{"start":{"line":93,"column":4},"end":{"line":93,"column":87}},"48":{"start":{"line":94,"column":4},"end":{"line":94,"column":19}},"49":{"start":{"line":95,"column":4},"end":{"line":95,"column":44}},"50":{"start":{"line":95,"column":21},"end":{"line":95,"column":37}},"51":{"start":{"line":98,"column":22},"end":{"line":102,"column":3}},"52":{"start":{"line":99,"column":22},"end":{"line":99,"column":130}},"53":{"start":{"line":100,"column":23},"end":{"line":100,"column":89}},"54":{"start":{"line":101,"column":4},"end":{"line":101,"column":37}},"55":{"start":{"line":104,"column":20},"end":{"line":113,"column":3}},"56":{"start":{"line":105,"column":4},"end":{"line":105,"column":15}},"57":{"start":{"line":106,"column":4},"end":{"line":106,"column":22}},"58":{"start":{"line":107,"column":4},"end":{"line":107,"column":22}},"59":{"start":{"line":108,"column":4},"end":{"line":108,"column":28}},"60":{"start":{"line":109,"column":4},"end":{"line":109,"column":25}},"61":{"start":{"line":110,"column":4},"end":{"line":110,"column":22}},"62":{"start":{"line":111,"column":4},"end":{"line":111,"column":20}},"63":{"start":{"line":112,"column":4},"end":{"line":112,"column":25}},"64":{"start":{"line":115,"column":2},"end":{"line":193,"column":3}}},"fnMap":{"0":{"name":"SellTokenPage","decl":{"start":{"line":10,"column":24},"end":{"line":10,"column":37}},"loc":{"start":{"line":10,"column":40},"end":{"line":194,"column":1}},"line":10},"1":{"name":"(anonymous_1)","decl":{"start":{"line":23,"column":24},"end":{"line":23,"column":25}},"loc":{"start":{"line":23,"column":36},"end":{"line":45,"column":3}},"line":23},"2":{"name":"(anonymous_2)","decl":{"start":{"line":47,"column":23},"end":{"line":47,"column":24}},"loc":{"start":{"line":47,"column":35},"end":{"line":90,"column":3}},"line":47},"3":{"name":"(anonymous_3)","decl":{"start":{"line":92,"column":21},"end":{"line":92,"column":22}},"loc":{"start":{"line":92,"column":27},"end":{"line":96,"column":3}},"line":92},"4":{"name":"(anonymous_4)","decl":{"start":{"line":95,"column":15},"end":{"line":95,"column":16}},"loc":{"start":{"line":95,"column":21},"end":{"line":95,"column":37}},"line":95},"5":{"name":"(anonymous_5)","decl":{"start":{"line":98,"column":22},"end":{"line":98,"column":23}},"loc":{"start":{"line":98,"column":28},"end":{"line":102,"column":3}},"line":98},"6":{"name":"(anonymous_6)","decl":{"start":{"line":104,"column":20},"end":{"line":104,"column":21}},"loc":{"start":{"line":104,"column":26},"end":{"line":113,"column":3}},"line":104}},"branchMap":{"0":{"loc":{"start":{"line":24,"column":4},"end":{"line":27,"column":5}},"type":"if","locations":[{"start":{"line":24,"column":4},"end":{"line":27,"column":5}},{"start":{},"end":{}}],"line":24},"1":{"loc":{"start":{"line":32,"column":6},"end":{"line":34,"column":7}},"type":"if","locations":[{"start":{"line":32,"column":6},"end":{"line":34,"column":7}},{"start":{},"end":{}}],"line":32},"2":{"loc":{"start":{"line":48,"column":4},"end":{"line":51,"column":5}},"type":"if","locations":[{"start":{"line":48,"column":4},"end":{"line":51,"column":5}},{"start":{},"end":{}}],"line":48},"3":{"loc":{"start":{"line":48,"column":8},"end":{"line":48,"column":32}},"type":"binary-expr","locations":[{"start":{"line":48,"column":8},"end":{"line":48,"column":18}},{"start":{"line":48,"column":22},"end":{"line":48,"column":32}}],"line":48},"4":{"loc":{"start":{"line":53,"column":4},"end":{"line":57,"column":5}},"type":"if","locations":[{"start":{"line":53,"column":4},"end":{"line":57,"column":5}},{"start":{},"end":{}}],"line":53},"5":{"loc":{"start":{"line":53,"column":8},"end":{"line":53,"column":29}},"type":"binary-expr","locations":[{"start":{"line":53,"column":8},"end":{"line":53,"column":13}},{"start":{"line":53,"column":17},"end":{"line":53,"column":29}}],"line":53},"6":{"loc":{"start":{"line":73,"column":22},"end":{"line":73,"column":63}},"type":"cond-expr","locations":[{"start":{"line":73,"column":49},"end":{"line":73,"column":59}},{"start":{"line":73,"column":62},"end":{"line":73,"column":63}}],"line":73},"7":{"loc":{"start":{"line":77,"column":6},"end":{"line":79,"column":7}},"type":"if","locations":[{"start":{"line":77,"column":6},"end":{"line":79,"column":7}},{"start":{},"end":{}}],"line":77},"8":{"loc":{"start":{"line":117,"column":7},"end":{"line":117,"column":72}},"type":"binary-expr","locations":[{"start":{"line":117,"column":7},"end":{"line":117,"column":14}},{"start":{"line":117,"column":18},"end":{"line":117,"column":72}}],"line":117},"9":{"loc":{"start":{"line":119,"column":7},"end":{"line":191,"column":7}},"type":"cond-expr","locations":[{"start":{"line":120,"column":8},"end":{"line":149,"column":14}},{"start":{"line":151,"column":8},"end":{"line":190,"column":14}}],"line":119},"10":{"loc":{"start":{"line":134,"column":17},"end":{"line":134,"column":74}},"type":"cond-expr","locations":[{"start":{"line":134,"column":26},"end":{"line":134,"column":35}},{"start":{"line":134,"column":38},"end":{"line":134,"column":74}}],"line":134},"11":{"loc":{"start":{"line":176,"column":17},"end":{"line":186,"column":17}},"type":"cond-expr","locations":[{"start":{"line":177,"column":18},"end":{"line":181,"column":20}},{"start":{"line":183,"column":18},"end":{"line":185,"column":24}}],"line":176},"12":{"loc":{"start":{"line":176,"column":17},"end":{"line":176,"column":41}},"type":"binary-expr","locations":[{"start":{"line":176,"column":17},"end":{"line":176,"column":28}},{"start":{"line":176,"column":32},"end":{"line":176,"column":41}}],"line":176},"13":{"loc":{"start":{"line":180,"column":27},"end":{"line":180,"column":58}},"type":"binary-expr","locations":[{"start":{"line":180,"column":27},"end":{"line":180,"column":42}},{"start":{"line":180,"column":46},"end":{"line":180,"column":58}}],"line":180}},"s":{"0":0,"1":0,"2":0,"3":0,"4":0,"5":0,"6":0,"7":0,"8":0,"9":0,"10":0,"11":0,"12":0,"13":0,"14":0,"15":0,"16":0,"17":0,"18":0,"19":0,"20":0,"21":0,"22":0,"23":0,"24":0,"25":0,"26":0,"27":0,"28":0,"29":0,"30":0,"31":0,"32":0,"33":0,"34":0,"35":0,"36":0,"37":0,"38":0,"39":0,"40":0,"41":0,"42":0,"43":0,"44":0,"45":0,"46":0,"47":0,"48":0,"49":0,"50":0,"51":0,"52":0,"53":0,"54":0,"55":0,"56":0,"57":0,"58":0,"59":0,"60":0,"61":0,"62":0,"63":0,"64":0},"f":{"0":0,"1":0,"2":0,"3":0,"4":0,"5":0,"6":0},"b":{"0":[0,0],"1":[0,0],"2":[0,0],"3":[0,0],"4":[0,0],"5":[0,0],"6":[0,0],"7":[0,0],"8":[0,0],"9":[0,0],"10":[0,0],"11":[0,0],"12":[0,0],"13":[0,0]}}
,"/Users/preet/Developer/blinksapp/app/tokens/page.tsx": {"path":"/Users/preet/Developer/blinksapp/app/tokens/page.tsx","statementMap":{"0":{"start":{"line":14,"column":35},"end":{"line":14,"column":46}},"1":{"start":{"line":15,"column":44},"end":{"line":15,"column":73}},"2":{"start":{"line":16,"column":36},"end":{"line":16,"column":51}},"3":{"start":{"line":17,"column":42},"end":{"line":17,"column":61}},"4":{"start":{"line":20,"column":2},"end":{"line":24,"column":28}},"5":{"start":{"line":21,"column":4},"end":{"line":23,"column":5}},"6":{"start":{"line":22,"column":6},"end":{"line":22,"column":31}},"7":{"start":{"line":26,"column":34},"end":{"line":52,"column":3}},"8":{"start":{"line":27,"column":4},"end":{"line":27,"column":26}},"9":{"start":{"line":27,"column":20},"end":{"line":27,"column":26}},"10":{"start":{"line":29,"column":4},"end":{"line":51,"column":5}},"11":{"start":{"line":31,"column":6},"end":{"line":48,"column":8}},"12":{"start":{"line":50,"column":6},"end":{"line":50,"column":65}},"13":{"start":{"line":54,"column":2},"end":{"line":64,"column":3}},"14":{"start":{"line":55,"column":4},"end":{"line":63,"column":5}},"15":{"start":{"line":66,"column":2},"end":{"line":115,"column":3}}},"fnMap":{"0":{"name":"TokensPage","decl":{"start":{"line":13,"column":24},"end":{"line":13,"column":34}},"loc":{"start":{"line":13,"column":37},"end":{"line":116,"column":1}},"line":13},"1":{"name":"(anonymous_1)","decl":{"start":{"line":20,"column":12},"end":{"line":20,"column":13}},"loc":{"start":{"line":20,"column":18},"end":{"line":24,"column":3}},"line":20},"2":{"name":"(anonymous_2)","decl":{"start":{"line":26,"column":34},"end":{"line":26,"column":35}},"loc":{"start":{"line":26,"column":46},"end":{"line":52,"column":3}},"line":26}},"branchMap":{"0":{"loc":{"start":{"line":21,"column":4},"end":{"line":23,"column":5}},"type":"if","locations":[{"start":{"line":21,"column":4},"end":{"line":23,"column":5}},{"start":{},"end":{}}],"line":21},"1":{"loc":{"start":{"line":21,"column":8},"end":{"line":21,"column":30}},"type":"binary-expr","locations":[{"start":{"line":21,"column":8},"end":{"line":21,"column":17}},{"start":{"line":21,"column":21},"end":{"line":21,"column":30}}],"line":21},"2":{"loc":{"start":{"line":27,"column":4},"end":{"line":27,"column":26}},"type":"if","locations":[{"start":{"line":27,"column":4},"end":{"line":27,"column":26}},{"start":{},"end":{}}],"line":27},"3":{"loc":{"start":{"line":54,"column":2},"end":{"line":64,"column":3}},"type":"if","locations":[{"start":{"line":54,"column":2},"end":{"line":64,"column":3}},{"start":{},"end":{}}],"line":54},"4":{"loc":{"start":{"line":68,"column":7},"end":{"line":68,"column":78}},"type":"binary-expr","locations":[{"start":{"line":68,"column":7},"end":{"line":68,"column":16}},{"start":{"line":68,"column":20},"end":{"line":68,"column":78}}],"line":68}},"s":{"0":0,"1":0,"2":0,"3":0,"4":0,"5":0,"6":0,"7":0,"8":0,"9":0,"10":0,"11":0,"12":0,"13":0,"14":0,"15":0},"f":{"0":0,"1":0,"2":0},"b":{"0":[0,0],"1":[0,0],"2":[0,0],"3":[0,0],"4":[0,0]}}
,"/Users/preet/Developer/blinksapp/components/footer.tsx": {"path":"/Users/preet/Developer/blinksapp/components/footer.tsx","statementMap":{"0":{"start":{"line":5,"column":2},"end":{"line":98,"column":3}}},"fnMap":{"0":{"name":"Footer","decl":{"start":{"line":4,"column":16},"end":{"line":4,"column":22}},"loc":{"start":{"line":4,"column":25},"end":{"line":99,"column":1}},"line":4}},"branchMap":{},"s":{"0":0},"f":{"0":0},"b":{}}
,"/Users/preet/Developer/blinksapp/components/form.tsx": {"path":"/Users/preet/Developer/blinksapp/components/form.tsx","statementMap":{"0":{"start":{"line":30,"column":34},"end":{"line":270,"column":1}},"1":{"start":{"line":40,"column":52},"end":{"line":40,"column":63}},"2":{"start":{"line":41,"column":36},"end":{"line":41,"column":48}},"3":{"start":{"line":42,"column":30},"end":{"line":42,"column":45}},"4":{"start":{"line":43,"column":15},"end":{"line":43,"column":50}},"5":{"start":{"line":44,"column":32},"end":{"line":44,"column":47}},"6":{"start":{"line":46,"column":24},"end":{"line":160,"column":3}},"7":{"start":{"line":47,"column":4},"end":{"line":47,"column":20}},"8":{"start":{"line":48,"column":4},"end":{"line":51,"column":5}},"9":{"start":{"line":49,"column":6},"end":{"line":49,"column":43}},"10":{"start":{"line":50,"column":6},"end":{"line":50,"column":12}},"11":{"start":{"line":53,"column":4},"end":{"line":57,"column":5}},"12":{"start":{"line":54,"column":6},"end":{"line":54,"column":45}},"13":{"start":{"line":55,"column":6},"end":{"line":55,"column":44}},"14":{"start":{"line":56,"column":6},"end":{"line":56,"column":12}},"15":{"start":{"line":60,"column":4},"end":{"line":86,"column":5}},"16":{"start":{"line":61,"column":28},"end":{"line":61,"column":48}},"17":{"start":{"line":62,"column":23},"end":{"line":74,"column":8}},"18":{"start":{"line":76,"column":6},"end":{"line":78,"column":7}},"19":{"start":{"line":77,"column":8},"end":{"line":77,"column":51}},"20":{"start":{"line":80,"column":6},"end":{"line":80,"column":39}},"21":{"start":{"line":82,"column":6},"end":{"line":82,"column":23}},"22":{"start":{"line":83,"column":6},"end":{"line":83,"column":54}},"23":{"start":{"line":84,"column":6},"end":{"line":84,"column":46}},"24":{"start":{"line":85,"column":6},"end":{"line":85,"column":12}},"25":{"start":{"line":88,"column":23},"end":{"line":88,"column":106}},"26":{"start":{"line":89,"column":28},"end":{"line":91,"column":5}},"27":{"start":{"line":92,"column":28},"end":{"line":92,"column":88}},"28":{"start":{"line":93,"column":26},"end":{"line":93,"column":77}},"29":{"start":{"line":94,"column":19},"end":{"line":94,"column":43}},"30":{"start":{"line":96,"column":24},"end":{"line":102,"column":5}},"31":{"start":{"line":103,"column":4},"end":{"line":109,"column":5}},"32":{"start":{"line":110,"column":4},"end":{"line":116,"column":5}},"33":{"start":{"line":118,"column":48},"end":{"line":118,"column":85}},"34":{"start":{"line":119,"column":4},"end":{"line":119,"column":43}},"35":{"start":{"line":120,"column":4},"end":{"line":120,"column":36}},"36":{"start":{"line":122,"column":4},"end":{"line":159,"column":5}},"37":{"start":{"line":123,"column":24},"end":{"line":123,"column":70}},"38":{"start":{"line":124,"column":6},"end":{"line":124,"column":49}},"39":{"start":{"line":126,"column":27},"end":{"line":133,"column":7}},"40":{"start":{"line":134,"column":6},"end":{"line":134,"column":57}},"41":{"start":{"line":135,"column":18},"end":{"line":144,"column":8}},"42":{"start":{"line":146,"column":19},"end":{"line":146,"column":35}},"43":{"start":{"line":147,"column":6},"end":{"line":149,"column":7}},"44":{"start":{"line":148,"column":8},"end":{"line":148,"column":51}},"45":{"start":{"line":151,"column":6},"end":{"line":151,"column":34}},"46":{"start":{"line":152,"column":6},"end":{"line":152,"column":24}},"47":{"start":{"line":153,"column":6},"end":{"line":153,"column":23}},"48":{"start":{"line":155,"column":6},"end":{"line":155,"column":23}},"49":{"start":{"line":156,"column":6},"end":{"line":156,"column":56}},"50":{"start":{"line":157,"column":6},"end":{"line":157,"column":48}},"51":{"start":{"line":158,"column":6},"end":{"line":158,"column":12}},"52":{"start":{"line":162,"column":21},"end":{"line":166,"column":3}},"53":{"start":{"line":163,"column":4},"end":{"line":163,"column":87}},"54":{"start":{"line":164,"column":4},"end":{"line":164,"column":19}},"55":{"start":{"line":165,"column":4},"end":{"line":165,"column":44}},"56":{"start":{"line":165,"column":21},"end":{"line":165,"column":37}},"57":{"start":{"line":168,"column":22},"end":{"line":172,"column":3}},"58":{"start":{"line":169,"column":22},"end":{"line":169,"column":124}},"59":{"start":{"line":170,"column":23},"end":{"line":170,"column":89}},"60":{"start":{"line":171,"column":4},"end":{"line":171,"column":37}},"61":{"start":{"line":174,"column":20},"end":{"line":176,"column":3}},"62":{"start":{"line":175,"column":4},"end":{"line":175,"column":21}},"63":{"start":{"line":178,"column":2},"end":{"line":269,"column":3}},"64":{"start":{"line":191,"column":33},"end":{"line":191,"column":57}},"65":{"start":{"line":203,"column":33},"end":{"line":203,"column":56}},"66":{"start":{"line":213,"column":33},"end":{"line":213,"column":63}}},"fnMap":{"0":{"name":"(anonymous_0)","decl":{"start":{"line":30,"column":34},"end":{"line":30,"column":35}},"loc":{"start":{"line":39,"column":6},"end":{"line":270,"column":1}},"line":39},"1":{"name":"(anonymous_1)","decl":{"start":{"line":46,"column":24},"end":{"line":46,"column":25}},"loc":{"start":{"line":46,"column":36},"end":{"line":160,"column":3}},"line":46},"2":{"name":"(anonymous_2)","decl":{"start":{"line":162,"column":21},"end":{"line":162,"column":22}},"loc":{"start":{"line":162,"column":27},"end":{"line":166,"column":3}},"line":162},"3":{"name":"(anonymous_3)","decl":{"start":{"line":165,"column":15},"end":{"line":165,"column":16}},"loc":{"start":{"line":165,"column":21},"end":{"line":165,"column":37}},"line":165},"4":{"name":"(anonymous_4)","decl":{"start":{"line":168,"column":22},"end":{"line":168,"column":23}},"loc":{"start":{"line":168,"column":28},"end":{"line":172,"column":3}},"line":168},"5":{"name":"(anonymous_5)","decl":{"start":{"line":174,"column":20},"end":{"line":174,"column":21}},"loc":{"start":{"line":174,"column":26},"end":{"line":176,"column":3}},"line":174},"6":{"name":"(anonymous_6)","decl":{"start":{"line":191,"column":26},"end":{"line":191,"column":27}},"loc":{"start":{"line":191,"column":33},"end":{"line":191,"column":57}},"line":191},"7":{"name":"(anonymous_7)","decl":{"start":{"line":203,"column":26},"end":{"line":203,"column":27}},"loc":{"start":{"line":203,"column":33},"end":{"line":203,"column":56}},"line":203},"8":{"name":"(anonymous_8)","decl":{"start":{"line":213,"column":26},"end":{"line":213,"column":27}},"loc":{"start":{"line":213,"column":33},"end":{"line":213,"column":63}},"line":213}},"branchMap":{"0":{"loc":{"start":{"line":48,"column":4},"end":{"line":51,"column":5}},"type":"if","locations":[{"start":{"line":48,"column":4},"end":{"line":51,"column":5}},{"start":{},"end":{}}],"line":48},"1":{"loc":{"start":{"line":48,"column":8},"end":{"line":48,"column":32}},"type":"binary-expr","locations":[{"start":{"line":48,"column":8},"end":{"line":48,"column":18}},{"start":{"line":48,"column":22},"end":{"line":48,"column":32}}],"line":48},"2":{"loc":{"start":{"line":53,"column":4},"end":{"line":57,"column":5}},"type":"if","locations":[{"start":{"line":53,"column":4},"end":{"line":57,"column":5}},{"start":{},"end":{}}],"line":53},"3":{"loc":{"start":{"line":53,"column":8},"end":{"line":53,"column":39}},"type":"binary-expr","locations":[{"start":{"line":53,"column":8},"end":{"line":53,"column":13}},{"start":{"line":53,"column":17},"end":{"line":53,"column":29}},{"start":{"line":53,"column":33},"end":{"line":53,"column":39}}],"line":53},"4":{"loc":{"start":{"line":76,"column":6},"end":{"line":78,"column":7}},"type":"if","locations":[{"start":{"line":76,"column":6},"end":{"line":78,"column":7}},{"start":{},"end":{}}],"line":76},"5":{"loc":{"start":{"line":88,"column":38},"end":{"line":88,"column":105}},"type":"binary-expr","locations":[{"start":{"line":88,"column":38},"end":{"line":88,"column":72}},{"start":{"line":88,"column":76},"end":{"line":88,"column":105}}],"line":88},"6":{"loc":{"start":{"line":90,"column":6},"end":{"line":90,"column":86}},"type":"binary-expr","locations":[{"start":{"line":90,"column":6},"end":{"line":90,"column":36}},{"start":{"line":90,"column":40},"end":{"line":90,"column":86}}],"line":90},"7":{"loc":{"start":{"line":147,"column":6},"end":{"line":149,"column":7}},"type":"if","locations":[{"start":{"line":147,"column":6},"end":{"line":149,"column":7}},{"start":{},"end":{}}],"line":147},"8":{"loc":{"start":{"line":180,"column":7},"end":{"line":180,"column":84}},"type":"binary-expr","locations":[{"start":{"line":180,"column":7},"end":{"line":180,"column":14}},{"start":{"line":180,"column":18},"end":{"line":180,"column":84}}],"line":180},"9":{"loc":{"start":{"line":182,"column":9},"end":{"line":233,"column":9}},"type":"binary-expr","locations":[{"start":{"line":182,"column":9},"end":{"line":182,"column":17}},{"start":{"line":183,"column":10},"end":{"line":232,"column":16}}],"line":182},"10":{"loc":{"start":{"line":222,"column":13},"end":{"line":231,"column":13}},"type":"cond-expr","locations":[{"start":{"line":223,"column":14},"end":{"line":225,"column":23}},{"start":{"line":227,"column":14},"end":{"line":230,"column":20}}],"line":222},"11":{"loc":{"start":{"line":235,"column":9},"end":{"line":266,"column":9}},"type":"binary-expr","locations":[{"start":{"line":235,"column":9},"end":{"line":235,"column":18}},{"start":{"line":236,"column":10},"end":{"line":265,"column":16}}],"line":235},"12":{"loc":{"start":{"line":250,"column":19},"end":{"line":250,"column":76}},"type":"cond-expr","locations":[{"start":{"line":250,"column":28},"end":{"line":250,"column":37}},{"start":{"line":250,"column":40},"end":{"line":250,"column":76}}],"line":250}},"s":{"0":0,"1":0,"2":0,"3":0,"4":0,"5":0,"6":0,"7":0,"8":0,"9":0,"10":0,"11":0,"12":0,"13":0,"14":0,"15":0,"16":0,"17":0,"18":0,"19":0,"20":0,"21":0,"22":0,"23":0,"24":0,"25":0,"26":0,"27":0,"28":0,"29":0,"30":0,"31":0,"32":0,"33":0,"34":0,"35":0,"36":0,"37":0,"38":0,"39":0,"40":0,"41":0,"42":0,"43":0,"44":0,"45":0,"46":0,"47":0,"48":0,"49":0,"50":0,"51":0,"52":0,"53":0,"54":0,"55":0,"56":0,"57":0,"58":0,"59":0,"60":0,"61":0,"62":0,"63":0,"64":0,"65":0,"66":0},"f":{"0":0,"1":0,"2":0,"3":0,"4":0,"5":0,"6":0,"7":0,"8":0},"b":{"0":[0,0],"1":[0,0],"2":[0,0],"3":[0,0,0],"4":[0,0],"5":[0,0],"6":[0,0],"7":[0,0],"8":[0,0],"9":[0,0],"10":[0,0],"11":[0,0],"12":[0,0]}}
,"/Users/preet/Developer/blinksapp/components/navbar.tsx": {"path":"/Users/preet/Developer/blinksapp/components/navbar.tsx","statementMap":{"0":{"start":{"line":10,"column":19},"end":{"line":10,"column":32}},"1":{"start":{"line":11,"column":38},"end":{"line":11,"column":53}},"2":{"start":{"line":13,"column":19},"end":{"line":20,"column":3}},"3":{"start":{"line":22,"column":2},"end":{"line":71,"column":3}},"4":{"start":{"line":37,"column":12},"end":{"line":39,"column":19}},"5":{"start":{"line":47,"column":55},"end":{"line":47,"column":81}},"6":{"start":{"line":58,"column":14},"end":{"line":65,"column":21}},"7":{"start":{"line":62,"column":31},"end":{"line":62,"column":51}}},"fnMap":{"0":{"name":"Navbar","decl":{"start":{"line":9,"column":16},"end":{"line":9,"column":22}},"loc":{"start":{"line":9,"column":25},"end":{"line":72,"column":1}},"line":9},"1":{"name":"(anonymous_1)","decl":{"start":{"line":36,"column":24},"end":{"line":36,"column":25}},"loc":{"start":{"line":37,"column":12},"end":{"line":39,"column":19}},"line":37},"2":{"name":"(anonymous_2)","decl":{"start":{"line":47,"column":49},"end":{"line":47,"column":50}},"loc":{"start":{"line":47,"column":55},"end":{"line":47,"column":81}},"line":47},"3":{"name":"(anonymous_3)","decl":{"start":{"line":57,"column":26},"end":{"line":57,"column":27}},"loc":{"start":{"line":58,"column":14},"end":{"line":65,"column":21}},"line":58},"4":{"name":"(anonymous_4)","decl":{"start":{"line":62,"column":25},"end":{"line":62,"column":26}},"loc":{"start":{"line":62,"column":31},"end":{"line":62,"column":51}},"line":62}},"branchMap":{"0":{"loc":{"start":{"line":37,"column":62},"end":{"line":37,"column":117}},"type":"cond-expr","locations":[{"start":{"line":37,"column":87},"end":{"line":37,"column":104}},{"start":{"line":37,"column":107},"end":{"line":37,"column":117}}],"line":37},"1":{"loc":{"start":{"line":48,"column":13},"end":{"line":48,"column":104}},"type":"cond-expr","locations":[{"start":{"line":48,"column":26},"end":{"line":48,"column":62}},{"start":{"line":48,"column":65},"end":{"line":48,"column":104}}],"line":48},"2":{"loc":{"start":{"line":54,"column":7},"end":{"line":69,"column":7}},"type":"binary-expr","locations":[{"start":{"line":54,"column":7},"end":{"line":54,"column":17}},{"start":{"line":55,"column":8},"end":{"line":68,"column":14}}],"line":54},"3":{"loc":{"start":{"line":61,"column":40},"end":{"line":61,"column":95}},"type":"cond-expr","locations":[{"start":{"line":61,"column":65},"end":{"line":61,"column":82}},{"start":{"line":61,"column":85},"end":{"line":61,"column":95}}],"line":61}},"s":{"0":0,"1":0,"2":0,"3":0,"4":0,"5":0,"6":0,"7":0},"f":{"0":0,"1":0,"2":0,"3":0,"4":0},"b":{"0":[0,0],"1":[0,0],"2":[0,0],"3":[0,0]}}
,"/Users/preet/Developer/blinksapp/components/preview.tsx": {"path":"/Users/preet/Developer/blinksapp/components/preview.tsx","statementMap":{"0":{"start":{"line":16,"column":37},"end":{"line":152,"column":1}},"1":{"start":{"line":17,"column":38},"end":{"line":17,"column":52}},"2":{"start":{"line":19,"column":2},"end":{"line":37,"column":8}},"3":{"start":{"line":21,"column":23},"end":{"line":24,"column":5}},"4":{"start":{"line":22,"column":21},"end":{"line":22,"column":66}},"5":{"start":{"line":23,"column":6},"end":{"line":23,"column":27}},"6":{"start":{"line":27,"column":4},"end":{"line":27,"column":16}},"7":{"start":{"line":30,"column":21},"end":{"line":30,"column":53}},"8":{"start":{"line":31,"column":4},"end":{"line":34,"column":6}},"9":{"start":{"line":36,"column":4},"end":{"line":36,"column":38}},"10":{"start":{"line":36,"column":17},"end":{"line":36,"column":38}},"11":{"start":{"line":39,"column":22},"end":{"line":41,"column":3}},"12":{"start":{"line":40,"column":4},"end":{"line":40,"column":94}},"13":{"start":{"line":43,"column":2},"end":{"line":151,"column":3}}},"fnMap":{"0":{"name":"(anonymous_0)","decl":{"start":{"line":16,"column":37},"end":{"line":16,"column":38}},"loc":{"start":{"line":16,"column":71},"end":{"line":152,"column":1}},"line":16},"1":{"name":"(anonymous_1)","decl":{"start":{"line":19,"column":12},"end":{"line":19,"column":13}},"loc":{"start":{"line":19,"column":18},"end":{"line":37,"column":3}},"line":19},"2":{"name":"(anonymous_2)","decl":{"start":{"line":21,"column":23},"end":{"line":21,"column":24}},"loc":{"start":{"line":21,"column":29},"end":{"line":24,"column":5}},"line":21},"3":{"name":"(anonymous_3)","decl":{"start":{"line":36,"column":11},"end":{"line":36,"column":12}},"loc":{"start":{"line":36,"column":17},"end":{"line":36,"column":38}},"line":36},"4":{"name":"(anonymous_4)","decl":{"start":{"line":39,"column":22},"end":{"line":39,"column":23}},"loc":{"start":{"line":39,"column":28},"end":{"line":41,"column":3}},"line":39}},"branchMap":{"0":{"loc":{"start":{"line":47,"column":10},"end":{"line":47,"column":99}},"type":"cond-expr","locations":[{"start":{"line":47,"column":23},"end":{"line":47,"column":48}},{"start":{"line":47,"column":51},"end":{"line":47,"column":99}}],"line":47},"1":{"loc":{"start":{"line":53,"column":12},"end":{"line":53,"column":55}},"type":"cond-expr","locations":[{"start":{"line":53,"column":25},"end":{"line":53,"column":39}},{"start":{"line":53,"column":42},"end":{"line":53,"column":55}}],"line":53},"2":{"loc":{"start":{"line":56,"column":11},"end":{"line":80,"column":11}},"type":"cond-expr","locations":[{"start":{"line":57,"column":12},"end":{"line":63,"column":14}},{"start":{"line":65,"column":12},"end":{"line":79,"column":18}}],"line":56},"3":{"loc":{"start":{"line":58,"column":19},"end":{"line":58,"column":45}},"type":"binary-expr","locations":[{"start":{"line":58,"column":19},"end":{"line":58,"column":23}},{"start":{"line":58,"column":27},"end":{"line":58,"column":45}}],"line":58},"4":{"loc":{"start":{"line":65,"column":28},"end":{"line":65,"column":100}},"type":"cond-expr","locations":[{"start":{"line":65,"column":41},"end":{"line":65,"column":69}},{"start":{"line":65,"column":72},"end":{"line":65,"column":100}}],"line":65},"5":{"loc":{"start":{"line":85,"column":50},"end":{"line":85,"column":93}},"type":"cond-expr","locations":[{"start":{"line":85,"column":63},"end":{"line":85,"column":75}},{"start":{"line":85,"column":78},"end":{"line":85,"column":93}}],"line":85},"6":{"loc":{"start":{"line":86,"column":13},"end":{"line":86,"column":34}},"type":"binary-expr","locations":[{"start":{"line":86,"column":13},"end":{"line":86,"column":18}},{"start":{"line":86,"column":22},"end":{"line":86,"column":34}}],"line":86},"7":{"loc":{"start":{"line":88,"column":35},"end":{"line":88,"column":81}},"type":"cond-expr","locations":[{"start":{"line":88,"column":48},"end":{"line":88,"column":63}},{"start":{"line":88,"column":66},"end":{"line":88,"column":81}}],"line":88},"8":{"loc":{"start":{"line":89,"column":13},"end":{"line":89,"column":86}},"type":"binary-expr","locations":[{"start":{"line":89,"column":13},"end":{"line":89,"column":24}},{"start":{"line":89,"column":28},"end":{"line":89,"column":86}}],"line":89},"9":{"loc":{"start":{"line":96,"column":16},"end":{"line":98,"column":83}},"type":"cond-expr","locations":[{"start":{"line":97,"column":20},"end":{"line":97,"column":76}},{"start":{"line":98,"column":20},"end":{"line":98,"column":83}}],"line":96},"10":{"loc":{"start":{"line":106,"column":16},"end":{"line":108,"column":83}},"type":"cond-expr","locations":[{"start":{"line":107,"column":20},"end":{"line":107,"column":76}},{"start":{"line":108,"column":20},"end":{"line":108,"column":83}}],"line":106},"11":{"loc":{"start":{"line":116,"column":16},"end":{"line":118,"column":83}},"type":"cond-expr","locations":[{"start":{"line":117,"column":20},"end":{"line":117,"column":76}},{"start":{"line":118,"column":20},"end":{"line":118,"column":83}}],"line":116},"12":{"loc":{"start":{"line":131,"column":16},"end":{"line":133,"column":83}},"type":"cond-expr","locations":[{"start":{"line":132,"column":20},"end":{"line":132,"column":86}},{"start":{"line":133,"column":20},"end":{"line":133,"column":83}}],"line":131},"13":{"loc":{"start":{"line":139,"column":16},"end":{"line":141,"column":66}},"type":"cond-expr","locations":[{"start":{"line":140,"column":20},"end":{"line":140,"column":66}},{"start":{"line":141,"column":20},"end":{"line":141,"column":66}}],"line":139}},"s":{"0":0,"1":0,"2":0,"3":0,"4":0,"5":0,"6":0,"7":0,"8":0,"9":0,"10":0,"11":0,"12":0,"13":0},"f":{"0":0,"1":0,"2":0,"3":0,"4":0},"b":{"0":[0,0],"1":[0,0],"2":[0,0],"3":[0,0],"4":[0,0],"5":[0,0],"6":[0,0],"7":[0,0],"8":[0,0],"9":[0,0],"10":[0,0],"11":[0,0],"12":[0,0],"13":[0,0]}}
,"/Users/preet/Developer/blinksapp/components/theme-provider.tsx": {"path":"/Users/preet/Developer/blinksapp/components/theme-provider.tsx","statementMap":{"0":{"start":{"line":10,"column":2},"end":{"line":10,"column":71}}},"fnMap":{"0":{"name":"ThemeProvider","decl":{"start":{"line":9,"column":16},"end":{"line":9,"column":29}},"loc":{"start":{"line":9,"column":74},"end":{"line":11,"column":1}},"line":9}},"branchMap":{},"s":{"0":0},"f":{"0":0},"b":{}}
,"/Users/preet/Developer/blinksapp/components/cluster/cluster-data-access.tsx": {"path":"/Users/preet/Developer/blinksapp/components/cluster/cluster-data-access.tsx","statementMap":{"0":{"start":{"line":21,"column":16},"end":{"line":21,"column":83}},"1":{"start":{"line":24,"column":40},"end":{"line":26,"column":3}},"2":{"start":{"line":27,"column":2},"end":{"line":27,"column":70}},"3":{"start":{"line":31,"column":2},"end":{"line":31,"column":28}}},"fnMap":{"0":{"name":"ClusterProvider","decl":{"start":{"line":23,"column":16},"end":{"line":23,"column":31}},"loc":{"start":{"line":23,"column":71},"end":{"line":28,"column":1}},"line":23},"1":{"name":"useCluster","decl":{"start":{"line":30,"column":16},"end":{"line":30,"column":26}},"loc":{"start":{"line":30,"column":29},"end":{"line":32,"column":1}},"line":30}},"branchMap":{},"s":{"0":0,"1":0,"2":0,"3":0},"f":{"0":0,"1":0},"b":{}}
,"/Users/preet/Developer/blinksapp/components/loading/loading.tsx": {"path":"/Users/preet/Developer/blinksapp/components/loading/loading.tsx","statementMap":{"0":{"start":{"line":8,"column":52},"end":{"line":19,"column":1}},"1":{"start":{"line":9,"column":2},"end":{"line":18,"column":3}}},"fnMap":{"0":{"name":"(anonymous_0)","decl":{"start":{"line":8,"column":52},"end":{"line":8,"column":53}},"loc":{"start":{"line":8,"column":84},"end":{"line":19,"column":1}},"line":8}},"branchMap":{"0":{"loc":{"start":{"line":8,"column":55},"end":{"line":8,"column":77}},"type":"default-arg","locations":[{"start":{"line":8,"column":65},"end":{"line":8,"column":77}}],"line":8}},"s":{"0":0,"1":0},"f":{"0":0},"b":{"0":[0]}}
,"/Users/preet/Developer/blinksapp/components/solana/solana-provider.tsx": {"path":"/Users/preet/Developer/blinksapp/components/solana/solana-provider.tsx","statementMap":{"0":{"start":{"line":11,"column":0},"end":{"line":11,"column":53}},"1":{"start":{"line":13,"column":28},"end":{"line":15,"column":2}},"2":{"start":{"line":13,"column":48},"end":{"line":13,"column":115}},"3":{"start":{"line":18,"column":22},"end":{"line":18,"column":34}},"4":{"start":{"line":19,"column":19},"end":{"line":19,"column":61}},"5":{"start":{"line":19,"column":33},"end":{"line":19,"column":49}},"6":{"start":{"line":20,"column":18},"end":{"line":22,"column":8}},"7":{"start":{"line":21,"column":4},"end":{"line":21,"column":24}},"8":{"start":{"line":24,"column":2},"end":{"line":30,"column":3}}},"fnMap":{"0":{"name":"(anonymous_0)","decl":{"start":{"line":13,"column":36},"end":{"line":13,"column":37}},"loc":{"start":{"line":13,"column":48},"end":{"line":13,"column":115}},"line":13},"1":{"name":"SolanaProvider","decl":{"start":{"line":17,"column":16},"end":{"line":17,"column":30}},"loc":{"start":{"line":17,"column":70},"end":{"line":31,"column":1}},"line":17},"2":{"name":"(anonymous_2)","decl":{"start":{"line":19,"column":27},"end":{"line":19,"column":28}},"loc":{"start":{"line":19,"column":33},"end":{"line":19,"column":49}},"line":19},"3":{"name":"(anonymous_3)","decl":{"start":{"line":20,"column":30},"end":{"line":20,"column":31}},"loc":{"start":{"line":20,"column":54},"end":{"line":22,"column":3}},"line":20}},"branchMap":{},"s":{"0":0,"1":0,"2":0,"3":0,"4":0,"5":0,"6":0,"7":0,"8":0},"f":{"0":0,"1":0,"2":0,"3":0},"b":{}}
,"/Users/preet/Developer/blinksapp/components/tokens/buy-sell-form.tsx": {"path":"/Users/preet/Developer/blinksapp/components/tokens/buy-sell-form.tsx","statementMap":{"0":{"start":{"line":20,"column":15},"end":{"line":51,"column":1}},"1":{"start":{"line":54,"column":52},"end":{"line":54,"column":63}},"2":{"start":{"line":55,"column":30},"end":{"line":55,"column":42}},"3":{"start":{"line":56,"column":34},"end":{"line":56,"column":45}},"4":{"start":{"line":57,"column":28},"end":{"line":57,"column":57}},"5":{"start":{"line":60,"column":2},"end":{"line":64,"column":27}},"6":{"start":{"line":61,"column":4},"end":{"line":61,"column":17}},"7":{"start":{"line":62,"column":4},"end":{"line":62,"column":18}},"8":{"start":{"line":63,"column":4},"end":{"line":63,"column":18}},"9":{"start":{"line":67,"column":2},"end":{"line":76,"column":29}},"10":{"start":{"line":68,"column":4},"end":{"line":75,"column":5}},"11":{"start":{"line":69,"column":20},"end":{"line":69,"column":64}},"12":{"start":{"line":70,"column":6},"end":{"line":72,"column":7}},"13":{"start":{"line":71,"column":8},"end":{"line":71,"column":60}},"14":{"start":{"line":74,"column":6},"end":{"line":74,"column":20}},"15":{"start":{"line":78,"column":29},"end":{"line":96,"column":3}},"16":{"start":{"line":79,"column":18},"end":{"line":79,"column":32}},"17":{"start":{"line":82,"column":4},"end":{"line":95,"column":5}},"18":{"start":{"line":83,"column":6},"end":{"line":83,"column":22}},"19":{"start":{"line":86,"column":6},"end":{"line":94,"column":7}},"20":{"start":{"line":87,"column":22},"end":{"line":87,"column":66}},"21":{"start":{"line":89,"column":8},"end":{"line":93,"column":9}},"22":{"start":{"line":90,"column":10},"end":{"line":90,"column":58}},"23":{"start":{"line":92,"column":10},"end":{"line":92,"column":24}},"24":{"start":{"line":98,"column":23},"end":{"line":129,"column":3}},"25":{"start":{"line":99,"column":4},"end":{"line":99,"column":22}},"26":{"start":{"line":101,"column":4},"end":{"line":104,"column":5}},"27":{"start":{"line":102,"column":6},"end":{"line":102,"column":45}},"28":{"start":{"line":103,"column":6},"end":{"line":103,"column":12}},"29":{"start":{"line":106,"column":4},"end":{"line":106,"column":21}},"30":{"start":{"line":106,"column":15},"end":{"line":106,"column":21}},"31":{"start":{"line":108,"column":4},"end":{"line":108,"column":22}},"32":{"start":{"line":110,"column":4},"end":{"line":128,"column":5}},"33":{"start":{"line":112,"column":6},"end":{"line":112,"column":102}},"34":{"start":{"line":115,"column":6},"end":{"line":115,"column":63}},"35":{"start":{"line":115,"column":37},"end":{"line":115,"column":62}},"36":{"start":{"line":118,"column":6},"end":{"line":118,"column":19}},"37":{"start":{"line":119,"column":6},"end":{"line":119,"column":20}},"38":{"start":{"line":122,"column":6},"end":{"line":122,"column":106}},"39":{"start":{"line":124,"column":6},"end":{"line":124,"column":53}},"40":{"start":{"line":125,"column":6},"end":{"line":125,"column":60}},"41":{"start":{"line":127,"column":6},"end":{"line":127,"column":25}},"42":{"start":{"line":131,"column":2},"end":{"line":215,"column":3}},"43":{"start":{"line":136,"column":65},"end":{"line":136,"column":115}}},"fnMap":{"0":{"name":"BuySellForm","decl":{"start":{"line":53,"column":16},"end":{"line":53,"column":27}},"loc":{"start":{"line":53,"column":103},"end":{"line":216,"column":1}},"line":53},"1":{"name":"(anonymous_1)","decl":{"start":{"line":60,"column":12},"end":{"line":60,"column":13}},"loc":{"start":{"line":60,"column":18},"end":{"line":64,"column":3}},"line":60},"2":{"name":"(anonymous_2)","decl":{"start":{"line":67,"column":12},"end":{"line":67,"column":13}},"loc":{"start":{"line":67,"column":18},"end":{"line":76,"column":3}},"line":67},"3":{"name":"(anonymous_3)","decl":{"start":{"line":78,"column":29},"end":{"line":78,"column":30}},"loc":{"start":{"line":78,"column":73},"end":{"line":96,"column":3}},"line":78},"4":{"name":"(anonymous_4)","decl":{"start":{"line":98,"column":23},"end":{"line":98,"column":24}},"loc":{"start":{"line":98,"column":53},"end":{"line":129,"column":3}},"line":98},"5":{"name":"(anonymous_5)","decl":{"start":{"line":115,"column":24},"end":{"line":115,"column":25}},"loc":{"start":{"line":115,"column":37},"end":{"line":115,"column":62}},"line":115},"6":{"name":"(anonymous_6)","decl":{"start":{"line":136,"column":59},"end":{"line":136,"column":60}},"loc":{"start":{"line":136,"column":65},"end":{"line":136,"column":115}},"line":136}},"branchMap":{"0":{"loc":{"start":{"line":68,"column":4},"end":{"line":75,"column":5}},"type":"if","locations":[{"start":{"line":68,"column":4},"end":{"line":75,"column":5}},{"start":{"line":73,"column":11},"end":{"line":75,"column":5}}],"line":68},"1":{"loc":{"start":{"line":68,"column":8},"end":{"line":68,"column":31}},"type":"binary-expr","locations":[{"start":{"line":68,"column":8},"end":{"line":68,"column":21}},{"start":{"line":68,"column":25},"end":{"line":68,"column":31}}],"line":68},"2":{"loc":{"start":{"line":70,"column":6},"end":{"line":72,"column":7}},"type":"if","locations":[{"start":{"line":70,"column":6},"end":{"line":72,"column":7}},{"start":{},"end":{}}],"line":70},"3":{"loc":{"start":{"line":82,"column":4},"end":{"line":95,"column":5}},"type":"if","locations":[{"start":{"line":82,"column":4},"end":{"line":95,"column":5}},{"start":{},"end":{}}],"line":82},"4":{"loc":{"start":{"line":82,"column":8},"end":{"line":82,"column":49}},"type":"binary-expr","locations":[{"start":{"line":82,"column":8},"end":{"line":82,"column":20}},{"start":{"line":82,"column":24},"end":{"line":82,"column":49}}],"line":82},"5":{"loc":{"start":{"line":86,"column":6},"end":{"line":94,"column":7}},"type":"if","locations":[{"start":{"line":86,"column":6},"end":{"line":94,"column":7}},{"start":{},"end":{}}],"line":86},"6":{"loc":{"start":{"line":89,"column":8},"end":{"line":93,"column":9}},"type":"if","locations":[{"start":{"line":89,"column":8},"end":{"line":93,"column":9}},{"start":{"line":91,"column":15},"end":{"line":93,"column":9}}],"line":89},"7":{"loc":{"start":{"line":89,"column":12},"end":{"line":89,"column":71}},"type":"binary-expr","locations":[{"start":{"line":89,"column":12},"end":{"line":89,"column":27}},{"start":{"line":89,"column":31},"end":{"line":89,"column":71}}],"line":89},"8":{"loc":{"start":{"line":101,"column":4},"end":{"line":104,"column":5}},"type":"if","locations":[{"start":{"line":101,"column":4},"end":{"line":104,"column":5}},{"start":{},"end":{}}],"line":101},"9":{"loc":{"start":{"line":101,"column":8},"end":{"line":101,"column":67}},"type":"binary-expr","locations":[{"start":{"line":101,"column":8},"end":{"line":101,"column":22}},{"start":{"line":101,"column":26},"end":{"line":101,"column":33}},{"start":{"line":101,"column":37},"end":{"line":101,"column":67}}],"line":101},"10":{"loc":{"start":{"line":106,"column":4},"end":{"line":106,"column":21}},"type":"if","locations":[{"start":{"line":106,"column":4},"end":{"line":106,"column":21}},{"start":{},"end":{}}],"line":106},"11":{"loc":{"start":{"line":112,"column":21},"end":{"line":112,"column":58}},"type":"cond-expr","locations":[{"start":{"line":112,"column":38},"end":{"line":112,"column":46}},{"start":{"line":112,"column":49},"end":{"line":112,"column":58}}],"line":112},"12":{"loc":{"start":{"line":122,"column":28},"end":{"line":122,"column":62}},"type":"cond-expr","locations":[{"start":{"line":122,"column":45},"end":{"line":122,"column":53}},{"start":{"line":122,"column":56},"end":{"line":122,"column":62}}],"line":122},"13":{"loc":{"start":{"line":133,"column":7},"end":{"line":213,"column":7}},"type":"cond-expr","locations":[{"start":{"line":134,"column":8},"end":{"line":139,"column":14}},{"start":{"line":141,"column":8},"end":{"line":212,"column":11}}],"line":133},"14":{"loc":{"start":{"line":144,"column":15},"end":{"line":144,"column":66}},"type":"cond-expr","locations":[{"start":{"line":144,"column":32},"end":{"line":144,"column":47}},{"start":{"line":144,"column":50},"end":{"line":144,"column":66}}],"line":144},"15":{"loc":{"start":{"line":156,"column":15},"end":{"line":161,"column":15}},"type":"binary-expr","locations":[{"start":{"line":156,"column":15},"end":{"line":156,"column":30}},{"start":{"line":157,"column":16},"end":{"line":160,"column":23}}],"line":156},"16":{"loc":{"start":{"line":165,"column":11},"end":{"line":170,"column":11}},"type":"binary-expr","locations":[{"start":{"line":165,"column":11},"end":{"line":165,"column":16}},{"start":{"line":166,"column":12},"end":{"line":169,"column":20}}],"line":165},"17":{"loc":{"start":{"line":188,"column":19},"end":{"line":188,"column":32}},"type":"binary-expr","locations":[{"start":{"line":188,"column":19},"end":{"line":188,"column":25}},{"start":{"line":188,"column":29},"end":{"line":188,"column":32}}],"line":188},"18":{"loc":{"start":{"line":206,"column":33},"end":{"line":206,"column":115}},"type":"cond-expr","locations":[{"start":{"line":206,"column":50},"end":{"line":206,"column":83}},{"start":{"line":206,"column":86},"end":{"line":206,"column":115}}],"line":206},"19":{"loc":{"start":{"line":207,"column":22},"end":{"line":207,"column":74}},"type":"binary-expr","locations":[{"start":{"line":207,"column":22},"end":{"line":207,"column":29}},{"start":{"line":207,"column":33},"end":{"line":207,"column":63}},{"start":{"line":207,"column":67},"end":{"line":207,"column":74}}],"line":207},"20":{"loc":{"start":{"line":209,"column":13},"end":{"line":209,"column":44}},"type":"cond-expr","locations":[{"start":{"line":209,"column":30},"end":{"line":209,"column":35}},{"start":{"line":209,"column":38},"end":{"line":209,"column":44}}],"line":209}},"s":{"0":0,"1":0,"2":0,"3":0,"4":0,"5":0,"6":0,"7":0,"8":0,"9":0,"10":0,"11":0,"12":0,"13":0,"14":0,"15":0,"16":0,"17":0,"18":0,"19":0,"20":0,"21":0,"22":0,"23":0,"24":0,"25":0,"26":0,"27":0,"28":0,"29":0,"30":0,"31":0,"32":0,"33":0,"34":0,"35":0,"36":0,"37":0,"38":0,"39":0,"40":0,"41":0,"42":0,"43":0},"f":{"0":0,"1":0,"2":0,"3":0,"4":0,"5":0,"6":0},"b":{"0":[0,0],"1":[0,0],"2":[0,0],"3":[0,0],"4":[0,0],"5":[0,0],"6":[0,0],"7":[0,0],"8":[0,0],"9":[0,0,0],"10":[0,0],"11":[0,0],"12":[0,0],"13":[0,0],"14":[0,0],"15":[0,0],"16":[0,0],"17":[0,0],"18":[0,0],"19":[0,0,0],"20":[0,0]}}
,"/Users/preet/Developer/blinksapp/components/tokens/token-form.tsx": {"path":"/Users/preet/Developer/blinksapp/components/tokens/token-form.tsx","statementMap":{"0":{"start":{"line":42,"column":2},"end":{"line":58,"column":8}},"1":{"start":{"line":43,"column":28},"end":{"line":47,"column":5}},"2":{"start":{"line":44,"column":6},"end":{"line":46,"column":7}},"3":{"start":{"line":49,"column":4},"end":{"line":51,"column":6}},"4":{"start":{"line":50,"column":6},"end":{"line":50,"column":70}},"5":{"start":{"line":53,"column":4},"end":{"line":57,"column":5}},"6":{"start":{"line":54,"column":6},"end":{"line":56,"column":8}},"7":{"start":{"line":55,"column":8},"end":{"line":55,"column":75}},"8":{"start":{"line":60,"column":2},"end":{"line":156,"column":3}},"9":{"start":{"line":69,"column":27},"end":{"line":69,"column":50}},"10":{"start":{"line":80,"column":27},"end":{"line":80,"column":57}},"11":{"start":{"line":102,"column":33},"end":{"line":102,"column":84}},"12":{"start":{"line":113,"column":33},"end":{"line":113,"column":84}},"13":{"start":{"line":128,"column":30},"end":{"line":128,"column":81}},"14":{"start":{"line":129,"column":16},"end":{"line":129,"column":36}}},"fnMap":{"0":{"name":"TokenForm","decl":{"start":{"line":27,"column":24},"end":{"line":27,"column":33}},"loc":{"start":{"line":41,"column":19},"end":{"line":157,"column":1}},"line":41},"1":{"name":"(anonymous_1)","decl":{"start":{"line":42,"column":12},"end":{"line":42,"column":13}},"loc":{"start":{"line":42,"column":18},"end":{"line":58,"column":3}},"line":42},"2":{"name":"(anonymous_2)","decl":{"start":{"line":43,"column":28},"end":{"line":43,"column":29}},"loc":{"start":{"line":43,"column":47},"end":{"line":47,"column":5}},"line":43},"3":{"name":"(anonymous_3)","decl":{"start":{"line":49,"column":52},"end":{"line":49,"column":53}},"loc":{"start":{"line":49,"column":62},"end":{"line":51,"column":5}},"line":49},"4":{"name":"(anonymous_4)","decl":{"start":{"line":53,"column":11},"end":{"line":53,"column":12}},"loc":{"start":{"line":53,"column":17},"end":{"line":57,"column":5}},"line":53},"5":{"name":"(anonymous_5)","decl":{"start":{"line":54,"column":54},"end":{"line":54,"column":55}},"loc":{"start":{"line":54,"column":64},"end":{"line":56,"column":7}},"line":54},"6":{"name":"(anonymous_6)","decl":{"start":{"line":69,"column":20},"end":{"line":69,"column":21}},"loc":{"start":{"line":69,"column":27},"end":{"line":69,"column":50}},"line":69},"7":{"name":"(anonymous_7)","decl":{"start":{"line":80,"column":20},"end":{"line":80,"column":21}},"loc":{"start":{"line":80,"column":27},"end":{"line":80,"column":57}},"line":80},"8":{"name":"(anonymous_8)","decl":{"start":{"line":102,"column":26},"end":{"line":102,"column":27}},"loc":{"start":{"line":102,"column":33},"end":{"line":102,"column":84}},"line":102},"9":{"name":"(anonymous_9)","decl":{"start":{"line":113,"column":26},"end":{"line":113,"column":27}},"loc":{"start":{"line":113,"column":33},"end":{"line":113,"column":84}},"line":113},"10":{"name":"(anonymous_10)","decl":{"start":{"line":127,"column":24},"end":{"line":127,"column":25}},"loc":{"start":{"line":127,"column":31},"end":{"line":130,"column":15}},"line":127}},"branchMap":{"0":{"loc":{"start":{"line":121,"column":9},"end":{"line":138,"column":9}},"type":"binary-expr","locations":[{"start":{"line":121,"column":9},"end":{"line":121,"column":33}},{"start":{"line":122,"column":10},"end":{"line":137,"column":16}}],"line":121},"1":{"loc":{"start":{"line":128,"column":42},"end":{"line":128,"column":80}},"type":"binary-expr","locations":[{"start":{"line":128,"column":42},"end":{"line":128,"column":75}},{"start":{"line":128,"column":79},"end":{"line":128,"column":80}}],"line":128},"2":{"loc":{"start":{"line":141,"column":7},"end":{"line":154,"column":7}},"type":"cond-expr","locations":[{"start":{"line":142,"column":8},"end":{"line":148,"column":17}},{"start":{"line":150,"column":8},"end":{"line":153,"column":14}}],"line":141},"3":{"loc":{"start":{"line":144,"column":19},"end":{"line":144,"column":62}},"type":"cond-expr","locations":[{"start":{"line":144,"column":34},"end":{"line":144,"column":47}},{"start":{"line":144,"column":50},"end":{"line":144,"column":62}}],"line":144},"4":{"loc":{"start":{"line":147,"column":11},"end":{"line":147,"column":60}},"type":"cond-expr","locations":[{"start":{"line":147,"column":26},"end":{"line":147,"column":41}},{"start":{"line":147,"column":44},"end":{"line":147,"column":60}}],"line":147}},"s":{"0":0,"1":0,"2":0,"3":0,"4":0,"5":0,"6":0,"7":0,"8":0,"9":0,"10":0,"11":0,"12":0,"13":0,"14":0},"f":{"0":0,"1":0,"2":0,"3":0,"4":0,"5":0,"6":0,"7":0,"8":0,"9":0,"10":0},"b":{"0":[0,0],"1":[0,0],"2":[0,0],"3":[0,0],"4":[0,0]}}
,"/Users/preet/Developer/blinksapp/components/tokens/token-history.tsx": {"path":"/Users/preet/Developer/blinksapp/components/tokens/token-history.tsx","statementMap":{"0":{"start":{"line":23,"column":30},"end":{"line":23,"column":45}},"1":{"start":{"line":24,"column":40},"end":{"line":24,"column":52}},"2":{"start":{"line":26,"column":31},"end":{"line":40,"column":4}},"3":{"start":{"line":28,"column":4},"end":{"line":28,"column":60}},"4":{"start":{"line":28,"column":48},"end":{"line":28,"column":60}},"5":{"start":{"line":31,"column":4},"end":{"line":37,"column":5}},"6":{"start":{"line":36,"column":6},"end":{"line":36,"column":18}},"7":{"start":{"line":39,"column":4},"end":{"line":39,"column":15}},"8":{"start":{"line":42,"column":2},"end":{"line":48,"column":3}},"9":{"start":{"line":43,"column":4},"end":{"line":47,"column":5}},"10":{"start":{"line":50,"column":2},"end":{"line":110,"column":3}},"11":{"start":{"line":58,"column":29},"end":{"line":58,"column":59}},"12":{"start":{"line":78,"column":12},"end":{"line":103,"column":18}}},"fnMap":{"0":{"name":"TokenHistory","decl":{"start":{"line":22,"column":16},"end":{"line":22,"column":28}},"loc":{"start":{"line":22,"column":66},"end":{"line":111,"column":1}},"line":22},"1":{"name":"(anonymous_1)","decl":{"start":{"line":26,"column":51},"end":{"line":26,"column":52}},"loc":{"start":{"line":26,"column":59},"end":{"line":40,"column":3}},"line":26},"2":{"name":"(anonymous_2)","decl":{"start":{"line":58,"column":22},"end":{"line":58,"column":23}},"loc":{"start":{"line":58,"column":29},"end":{"line":58,"column":59}},"line":58},"3":{"name":"(anonymous_3)","decl":{"start":{"line":77,"column":35},"end":{"line":77,"column":36}},"loc":{"start":{"line":78,"column":12},"end":{"line":103,"column":18}},"line":78}},"branchMap":{"0":{"loc":{"start":{"line":28,"column":4},"end":{"line":28,"column":60}},"type":"if","locations":[{"start":{"line":28,"column":4},"end":{"line":28,"column":60}},{"start":{},"end":{}}],"line":28},"1":{"loc":{"start":{"line":28,"column":8},"end":{"line":28,"column":46}},"type":"binary-expr","locations":[{"start":{"line":28,"column":8},"end":{"line":28,"column":24}},{"start":{"line":28,"column":28},"end":{"line":28,"column":46}}],"line":28},"2":{"loc":{"start":{"line":31,"column":4},"end":{"line":37,"column":5}},"type":"if","locations":[{"start":{"line":31,"column":4},"end":{"line":37,"column":5}},{"start":{},"end":{}}],"line":31},"3":{"loc":{"start":{"line":32,"column":6},"end":{"line":34,"column":62}},"type":"binary-expr","locations":[{"start":{"line":32,"column":6},"end":{"line":32,"column":17}},{"start":{"line":33,"column":6},"end":{"line":33,"column":65}},{"start":{"line":34,"column":6},"end":{"line":34,"column":62}}],"line":32},"4":{"loc":{"start":{"line":42,"column":2},"end":{"line":48,"column":3}},"type":"if","locations":[{"start":{"line":42,"column":2},"end":{"line":48,"column":3}},{"start":{},"end":{}}],"line":42},"5":{"loc":{"start":{"line":76,"column":9},"end":{"line":107,"column":9}},"type":"cond-expr","locations":[{"start":{"line":77,"column":10},"end":{"line":104,"column":12}},{"start":{"line":106,"column":10},"end":{"line":106,"column":107}}],"line":76},"6":{"loc":{"start":{"line":85,"column":20},"end":{"line":85,"column":103}},"type":"cond-expr","locations":[{"start":{"line":85,"column":40},"end":{"line":85,"column":72}},{"start":{"line":85,"column":75},"end":{"line":85,"column":103}}],"line":85},"7":{"loc":{"start":{"line":88,"column":19},"end":{"line":88,"column":96}},"type":"cond-expr","locations":[{"start":{"line":88,"column":39},"end":{"line":88,"column":67}},{"start":{"line":88,"column":70},"end":{"line":88,"column":96}}],"line":88},"8":{"loc":{"start":{"line":92,"column":21},"end":{"line":92,"column":58}},"type":"cond-expr","locations":[{"start":{"line":92,"column":41},"end":{"line":92,"column":49}},{"start":{"line":92,"column":52},"end":{"line":92,"column":58}}],"line":92}},"s":{"0":0,"1":0,"2":0,"3":0,"4":0,"5":0,"6":0,"7":0,"8":0,"9":0,"10":0,"11":0,"12":0},"f":{"0":0,"1":0,"2":0,"3":0},"b":{"0":[0,0],"1":[0,0],"2":[0,0],"3":[0,0,0],"4":[0,0],"5":[0,0],"6":[0,0],"7":[0,0],"8":[0,0]}}
,"/Users/preet/Developer/blinksapp/components/tokens/token-preview.tsx": {"path":"/Users/preet/Developer/blinksapp/components/tokens/token-preview.tsx","statementMap":{"0":{"start":{"line":16,"column":50},"end":{"line":153,"column":1}},"1":{"start":{"line":17,"column":38},"end":{"line":17,"column":52}},"2":{"start":{"line":19,"column":2},"end":{"line":37,"column":8}},"3":{"start":{"line":21,"column":23},"end":{"line":24,"column":5}},"4":{"start":{"line":22,"column":21},"end":{"line":22,"column":66}},"5":{"start":{"line":23,"column":6},"end":{"line":23,"column":27}},"6":{"start":{"line":27,"column":4},"end":{"line":27,"column":16}},"7":{"start":{"line":30,"column":21},"end":{"line":30,"column":53}},"8":{"start":{"line":31,"column":4},"end":{"line":34,"column":6}},"9":{"start":{"line":36,"column":4},"end":{"line":36,"column":38}},"10":{"start":{"line":36,"column":17},"end":{"line":36,"column":38}},"11":{"start":{"line":39,"column":22},"end":{"line":41,"column":3}},"12":{"start":{"line":40,"column":4},"end":{"line":40,"column":94}},"13":{"start":{"line":43,"column":2},"end":{"line":152,"column":3}}},"fnMap":{"0":{"name":"(anonymous_0)","decl":{"start":{"line":16,"column":50},"end":{"line":16,"column":51}},"loc":{"start":{"line":16,"column":84},"end":{"line":153,"column":1}},"line":16},"1":{"name":"(anonymous_1)","decl":{"start":{"line":19,"column":12},"end":{"line":19,"column":13}},"loc":{"start":{"line":19,"column":18},"end":{"line":37,"column":3}},"line":19},"2":{"name":"(anonymous_2)","decl":{"start":{"line":21,"column":23},"end":{"line":21,"column":24}},"loc":{"start":{"line":21,"column":29},"end":{"line":24,"column":5}},"line":21},"3":{"name":"(anonymous_3)","decl":{"start":{"line":36,"column":11},"end":{"line":36,"column":12}},"loc":{"start":{"line":36,"column":17},"end":{"line":36,"column":38}},"line":36},"4":{"name":"(anonymous_4)","decl":{"start":{"line":39,"column":22},"end":{"line":39,"column":23}},"loc":{"start":{"line":39,"column":28},"end":{"line":41,"column":3}},"line":39}},"branchMap":{"0":{"loc":{"start":{"line":47,"column":10},"end":{"line":47,"column":99}},"type":"cond-expr","locations":[{"start":{"line":47,"column":23},"end":{"line":47,"column":48}},{"start":{"line":47,"column":51},"end":{"line":47,"column":99}}],"line":47},"1":{"loc":{"start":{"line":53,"column":12},"end":{"line":53,"column":55}},"type":"cond-expr","locations":[{"start":{"line":53,"column":25},"end":{"line":53,"column":39}},{"start":{"line":53,"column":42},"end":{"line":53,"column":55}}],"line":53},"2":{"loc":{"start":{"line":56,"column":11},"end":{"line":80,"column":11}},"type":"cond-expr","locations":[{"start":{"line":57,"column":12},"end":{"line":63,"column":14}},{"start":{"line":65,"column":12},"end":{"line":79,"column":18}}],"line":56},"3":{"loc":{"start":{"line":58,"column":19},"end":{"line":58,"column":45}},"type":"binary-expr","locations":[{"start":{"line":58,"column":19},"end":{"line":58,"column":23}},{"start":{"line":58,"column":27},"end":{"line":58,"column":45}}],"line":58},"4":{"loc":{"start":{"line":65,"column":28},"end":{"line":65,"column":100}},"type":"cond-expr","locations":[{"start":{"line":65,"column":41},"end":{"line":65,"column":69}},{"start":{"line":65,"column":72},"end":{"line":65,"column":100}}],"line":65},"5":{"loc":{"start":{"line":85,"column":50},"end":{"line":85,"column":93}},"type":"cond-expr","locations":[{"start":{"line":85,"column":63},"end":{"line":85,"column":75}},{"start":{"line":85,"column":78},"end":{"line":85,"column":93}}],"line":85},"6":{"loc":{"start":{"line":86,"column":13},"end":{"line":86,"column":34}},"type":"binary-expr","locations":[{"start":{"line":86,"column":13},"end":{"line":86,"column":18}},{"start":{"line":86,"column":22},"end":{"line":86,"column":34}}],"line":86},"7":{"loc":{"start":{"line":88,"column":35},"end":{"line":88,"column":81}},"type":"cond-expr","locations":[{"start":{"line":88,"column":48},"end":{"line":88,"column":63}},{"start":{"line":88,"column":66},"end":{"line":88,"column":81}}],"line":88},"8":{"loc":{"start":{"line":89,"column":13},"end":{"line":89,"column":86}},"type":"binary-expr","locations":[{"start":{"line":89,"column":13},"end":{"line":89,"column":24}},{"start":{"line":89,"column":28},"end":{"line":89,"column":86}}],"line":89},"9":{"loc":{"start":{"line":96,"column":16},"end":{"line":98,"column":83}},"type":"cond-expr","locations":[{"start":{"line":97,"column":20},"end":{"line":97,"column":76}},{"start":{"line":98,"column":20},"end":{"line":98,"column":83}}],"line":96},"10":{"loc":{"start":{"line":102,"column":15},"end":{"line":102,"column":89}},"type":"cond-expr","locations":[{"start":{"line":102,"column":40},"end":{"line":102,"column":57}},{"start":{"line":102,"column":60},"end":{"line":102,"column":89}}],"line":102},"11":{"loc":{"start":{"line":106,"column":16},"end":{"line":108,"column":83}},"type":"cond-expr","locations":[{"start":{"line":107,"column":20},"end":{"line":107,"column":76}},{"start":{"line":108,"column":20},"end":{"line":108,"column":83}}],"line":106},"12":{"loc":{"start":{"line":112,"column":15},"end":{"line":112,"column":89}},"type":"cond-expr","locations":[{"start":{"line":112,"column":40},"end":{"line":112,"column":57}},{"start":{"line":112,"column":60},"end":{"line":112,"column":89}}],"line":112},"13":{"loc":{"start":{"line":118,"column":14},"end":{"line":120,"column":88}},"type":"cond-expr","locations":[{"start":{"line":119,"column":18},"end":{"line":119,"column":81}},{"start":{"line":120,"column":18},"end":{"line":120,"column":88}}],"line":118},"14":{"loc":{"start":{"line":124,"column":13},"end":{"line":124,"column":83}},"type":"cond-expr","locations":[{"start":{"line":124,"column":38},"end":{"line":124,"column":53}},{"start":{"line":124,"column":56},"end":{"line":124,"column":83}}],"line":124},"15":{"loc":{"start":{"line":132,"column":16},"end":{"line":134,"column":83}},"type":"cond-expr","locations":[{"start":{"line":133,"column":20},"end":{"line":133,"column":86}},{"start":{"line":134,"column":20},"end":{"line":134,"column":83}}],"line":132},"16":{"loc":{"start":{"line":140,"column":16},"end":{"line":142,"column":66}},"type":"cond-expr","locations":[{"start":{"line":141,"column":20},"end":{"line":141,"column":66}},{"start":{"line":142,"column":20},"end":{"line":142,"column":66}}],"line":140},"17":{"loc":{"start":{"line":146,"column":15},"end":{"line":146,"column":58}},"type":"cond-expr","locations":[{"start":{"line":146,"column":39},"end":{"line":146,"column":50}},{"start":{"line":146,"column":53},"end":{"line":146,"column":58}}],"line":146}},"s":{"0":0,"1":0,"2":0,"3":0,"4":0,"5":0,"6":0,"7":0,"8":0,"9":0,"10":0,"11":0,"12":0,"13":0},"f":{"0":0,"1":0,"2":0,"3":0,"4":0},"b":{"0":[0,0],"1":[0,0],"2":[0,0],"3":[0,0],"4":[0,0],"5":[0,0],"6":[0,0],"7":[0,0],"8":[0,0],"9":[0,0],"10":[0,0],"11":[0,0],"12":[0,0],"13":[0,0],"14":[0,0],"15":[0,0],"16":[0,0],"17":[0,0]}}
,"/Users/preet/Developer/blinksapp/components/tokens/token-selector.tsx": {"path":"/Users/preet/Developer/blinksapp/components/tokens/token-selector.tsx","statementMap":{"0":{"start":{"line":14,"column":15},"end":{"line":55,"column":1}},"1":{"start":{"line":58,"column":40},"end":{"line":58,"column":52}},"2":{"start":{"line":60,"column":25},"end":{"line":64,"column":3}},"3":{"start":{"line":62,"column":6},"end":{"line":63,"column":68}},"4":{"start":{"line":66,"column":2},"end":{"line":114,"column":3}},"5":{"start":{"line":75,"column":27},"end":{"line":75,"column":57}},"6":{"start":{"line":81,"column":10},"end":{"line":106,"column":16}},"7":{"start":{"line":88,"column":27},"end":{"line":88,"column":53}}},"fnMap":{"0":{"name":"TokenSelector","decl":{"start":{"line":57,"column":16},"end":{"line":57,"column":29}},"loc":{"start":{"line":57,"column":87},"end":{"line":115,"column":1}},"line":57},"1":{"name":"(anonymous_1)","decl":{"start":{"line":61,"column":4},"end":{"line":61,"column":5}},"loc":{"start":{"line":62,"column":6},"end":{"line":63,"column":68}},"line":62},"2":{"name":"(anonymous_2)","decl":{"start":{"line":75,"column":20},"end":{"line":75,"column":21}},"loc":{"start":{"line":75,"column":27},"end":{"line":75,"column":57}},"line":75},"3":{"name":"(anonymous_3)","decl":{"start":{"line":80,"column":28},"end":{"line":80,"column":29}},"loc":{"start":{"line":81,"column":10},"end":{"line":106,"column":16}},"line":81},"4":{"name":"(anonymous_4)","decl":{"start":{"line":88,"column":21},"end":{"line":88,"column":22}},"loc":{"start":{"line":88,"column":27},"end":{"line":88,"column":53}},"line":88}},"branchMap":{"0":{"loc":{"start":{"line":62,"column":6},"end":{"line":63,"column":68}},"type":"binary-expr","locations":[{"start":{"line":62,"column":6},"end":{"line":62,"column":66}},{"start":{"line":63,"column":6},"end":{"line":63,"column":68}}],"line":62},"1":{"loc":{"start":{"line":84,"column":14},"end":{"line":86,"column":62}},"type":"cond-expr","locations":[{"start":{"line":85,"column":18},"end":{"line":85,"column":64}},{"start":{"line":86,"column":18},"end":{"line":86,"column":62}}],"line":84},"2":{"loc":{"start":{"line":92,"column":28},"end":{"line":92,"column":60}},"type":"binary-expr","locations":[{"start":{"line":92,"column":28},"end":{"line":92,"column":38}},{"start":{"line":92,"column":42},"end":{"line":92,"column":60}}],"line":92},"3
[...]
,"/Users/preet/Developer/blinksapp/components/ui/textarea.tsx": {"path":"/Users/preet/Developer/blinksapp/components/ui/textarea.tsx","statementMap":{"0":{"start":{"line":5,"column":17},"end":{"line":19,"column":2}},"1":{"start":{"line":9,"column":2},"end":{"line":18,"column":3}},"2":{"start":{"line":20,"column":0},"end":{"line":20,"column":33}}},"fnMap":{"0":{"name":"(anonymous_0)","decl":{"start":{"line":8,"column":2},"end":{"line":8,"column":3}},"loc":{"start":{"line":8,"column":36},"end":{"line":19,"column":1}},"line":8}},"branchMap":{},"s":{"0":0,"1":0,"2":0},"f":{"0":0},"b":{}}
,"/Users/preet/Developer/blinksapp/components/ui/toast.tsx": {"path":"/Users/preet/Developer/blinksapp/components/ui/toast.tsx","statementMap":{"0":{"start":{"line":10,"column":22},"end":{"line":10,"column":46}},"1":{"start":{"line":12,"column":22},"end":{"line":24,"column":2}},"2":{"start":{"line":16,"column":2},"end":{"line":23,"column":4}},"3":{"start":{"line":25,"column":0},"end":{"line":25,"column":64}},"4":{"start":{"line":27,"column":22},"end":{"line":41,"column":1}},"5":{"start":{"line":43,"column":14},"end":{"line":55,"column":2}},"6":{"start":{"line":48,"column":2},"end":{"line":54,"column":3}},"7":{"start":{"line":56,"column":0},"end":{"line":56,"column":52}},"8":{"start":{"line":58,"column":20},"end":{"line":70,"column":2}},"9":{"start":{"line":62,"column":2},"end":{"line":69,"column":4}},"10":{"start":{"line":71,"column":0},"end":{"line":71,"column":60}},"11":{"start":{"line":73,"column":19},"end":{"line":88,"column":2}},"12":{"start":{"line":77,"column":2},"end":{"line":87,"column":26}},"13":{"start":{"line":89,"column":0},"end":{"line":89,"column":58}},"14":{"start":{"line":91,"column":19},"end":{"line":100,"column":2}},"15":{"start":{"line":95,"column":2},"end":{"line":99,"column":4}},"16":{"start":{"line":101,"column":0},"end":{"line":101,"column":58}},"17":{"start":{"line":103,"column":25},"end":{"line":112,"column":2}},"18":{"start":{"line":107,"column":2},"end":{"line":111,"column":4}},"19":{"start":{"line":113,"column":0},"end":{"line":113,"column":70}}},"fnMap":{"0":{"name":"(anonymous_0)","decl":{"start":{"line":15,"column":2},"end":{"line":15,"column":3}},"loc":{"start":{"line":16,"column":2},"end":{"line":23,"column":4}},"line":16},"1":{"name":"(anonymous_1)","decl":{"start":{"line":47,"column":2},"end":{"line":47,"column":3}},"loc":{"start":{"line":47,"column":45},"end":{"line":55,"column":1}},"line":47},"2":{"name":"(anonymous_2)","decl":{"start":{"line":61,"column":2},"end":{"line":61,"column":3}},"loc":{"start":{"line":62,"column":2},"end":{"line":69,"column":4}},"line":62},"3":{"name":"(anonymous_3)","decl":{"start":{"line":76,"column":2},"end":{"line":76,"column":3}},"loc":{"start":{"line":77,"column":2},"end":{"line":87,"column":26}},"line":77},"4":{"name":"(anonymous_4)","decl":{"start":{"line":94,"column":2},"end":{"line":94,"column":3}},"loc":{"start":{"line":95,"column":2},"end":{"line":99,"column":4}},"line":95},"5":{"name":"(anonymous_5)","decl":{"start":{"line":106,"column":2},"end":{"line":106,"column":3}},"loc":{"start":{"line":107,"column":2},"end":{"line":111,"column":4}},"line":107}},"branchMap":{},"s":{"0":0,"1":0,"2":0,"3":0,"4":0,"5":0,"6":0,"7":0,"8":0,"9":0,"10":0,"11":0,"12":0,"13":0,"14":0,"15":0,"16":0,"17":0,"18":0,"19":0},"f":{"0":0,"1":0,"2":0,"3":0,"4":0,"5":0},"b":{}}
,"/Users/preet/Developer/blinksapp/components/ui/toaster.tsx": {"path":"/Users/preet/Developer/blinksapp/components/ui/toaster.tsx","statementMap":{"0":{"start":{"line":14,"column":21},"end":{"line":14,"column":31}},"1":{"start":{"line":16,"column":2},"end":{"line":34,"column":3}},"2":{"start":{"line":19,"column":8},"end":{"line":30,"column":9}}},"fnMap":{"0":{"name":"Toaster","decl":{"start":{"line":13,"column":16},"end":{"line":13,"column":23}},"loc":{"start":{"line":13,"column":26},"end":{"line":35,"column":1}},"line":13},"1":{"name":"(anonymous_1)","decl":{"start":{"line":18,"column":18},"end":{"line":18,"column":19}},"loc":{"start":{"line":18,"column":74},"end":{"line":31,"column":7}},"line":18}},"branchMap":{"0":{"loc":{"start":{"line":22,"column":15},"end":{"line":22,"column":56}},"type":"binary-expr","locations":[{"start":{"line":22,"column":15},"end":{"line":22,"column":20}},{"start":{"line":22,"column":24},"end":{"line":22,"column":56}}],"line":22},"1":{"loc":{"start":{"line":23,"column":15},"end":{"line":25,"column":15}},"type":"binary-expr","locations":[{"start":{"line":23,"column":15},"end":{"line":23,"column":26}},{"start":{"line":24,"column":16},"end":{"line":24,"column":66}}],"line":23}},"s":{"0":0,"1":0,"2":0},"f":{"0":0,"1":0},"b":{"0":[0,0],"1":[0,0]}}
,"/Users/preet/Developer/blinksapp/components/ui/toggle-group.tsx": {"path":"/Users/preet/Developer/blinksapp/components/ui/toggle-group.tsx","statementMap":{"0":{"start":{"line":10,"column":27},"end":{"line":15,"column":2}},"1":{"start":{"line":17,"column":20},"end":{"line":31,"column":2}},"2":{"start":{"line":22,"column":2},"end":{"line":30,"column":30}},"3":{"start":{"line":33,"column":0},"end":{"line":33,"column":63}},"4":{"start":{"line":35,"column":24},"end":{"line":57,"column":2}},"5":{"start":{"line":40,"column":18},"end":{"line":40,"column":54}},"6":{"start":{"line":42,"column":2},"end":{"line":56,"column":3}},"7":{"start":{"line":59,"column":0},"end":{"line":59,"column":67}}},"fnMap":{"0":{"name":"(anonymous_0)","decl":{"start":{"line":21,"column":2},"end":{"line":21,"column":3}},"loc":{"start":{"line":22,"column":2},"end":{"line":30,"column":30}},"line":22},"1":{"name":"(anonymous_1)","decl":{"start":{"line":39,"column":2},"end":{"line":39,"column":3}},"loc":{"start":{"line":39,"column":61},"end":{"line":57,"column":1}},"line":39}},"branchMap":{"0":{"loc":{"start":{"line":47,"column":19},"end":{"line":47,"column":45}},"type":"binary-expr","locations":[{"start":{"line":47,"column":19},"end":{"line":47,"column":34}},{"start":{"line":47,"column":38},"end":{"line":47,"column":45}}],"line":47},"1":{"loc":{"start":{"line":48,"column":16},"end":{"line":48,"column":36}},"type":"binary-expr","locations":[{"start":{"line":48,"column":16},"end":{"line":48,"column":28}},{"start":{"line":48,"column":32},"end":{"line":48,"column":36}}],"line":48}},"s":{"0":0,"1":0,"2":0,"3":0,"4":0,"5":0,"6":0,"7":0},"f":{"0":0,"1":0},"b":{"0":[0,0],"1":[0,0]}}
,"/Users/preet/Developer/blinksapp/components/ui/toggle.tsx": {"path":"/Users/preet/Developer/blinksapp/components/ui/toggle.tsx","statementMap":{"0":{"start":{"line":9,"column":23},"end":{"line":29,"column":1}},"1":{"start":{"line":31,"column":15},"end":{"line":41,"column":2}},"2":{"start":{"line":36,"column":2},"end":{"line":40,"column":4}},"3":{"start":{"line":43,"column":0},"end":{"line":43,"column":53}}},"fnMap":{"0":{"name":"(anonymous_0)","decl":{"start":{"line":35,"column":2},"end":{"line":35,"column":3}},"loc":{"start":{"line":36,"column":2},"end":{"line":40,"column":4}},"line":36}},"branchMap":{},"s":{"0":0,"1":0,"2":0,"3":0},"f":{"0":0},"b":{}}
,"/Users/preet/Developer/blinksapp/components/ui/tooltip.tsx": {"path":"/Users/preet/Developer/blinksapp/components/ui/tooltip.tsx","statementMap":{"0":{"start":{"line":8,"column":24},"end":{"line":8,"column":49}},"1":{"start":{"line":10,"column":16},"end":{"line":10,"column":37}},"2":{"start":{"line":12,"column":23},"end":{"line":12,"column":47}},"3":{"start":{"line":14,"column":23},"end":{"line":27,"column":2}},"4":{"start":{"line":18,"column":2},"end":{"line":26,"column":4}},"5":{"start":{"line":28,"column":0},"end":{"line":28,"column":65}}},"fnMap":{"0":{"name":"(anonymous_0)","decl":{"start":{"line":17,"column":2},"end":{"line":17,"column":3}},"loc":{"start":{"line":18,"column":2},"end":{"line":26,"column":4}},"line":18}},"branchMap":{"0":{"loc":{"start":{"line":17,"column":16},"end":{"line":17,"column":30}},"type":"default-arg","locations":[{"start":{"line":17,"column":29},"end":{"line":17,"column":30}}],"line":17}},"s":{"0":0,"1":0,"2":0,"3":0,"4":0,"5":0},"f":{"0":0},"b":{"0":[0]}}
,"/Users/preet/Developer/blinksapp/components/ui/use-mobile.tsx": {"path":"/Users/preet/Developer/blinksapp/components/ui/use-mobile.tsx","statementMap":{"0":{"start":{"line":3,"column":26},"end":{"line":3,"column":29}},"1":{"start":{"line":6,"column":34},"end":{"line":6,"column":80}},"2":{"start":{"line":8,"column":2},"end":{"line":16,"column":8}},"3":{"start":{"line":9,"column":16},"end":{"line":9,"column":76}},"4":{"start":{"line":10,"column":21},"end":{"line":12,"column":5}},"5":{"start":{"line":11,"column":6},"end":{"line":11,"column":56}},"6":{"start":{"line":13,"column":4},"end":{"line":13,"column":44}},"7":{"start":{"line":14,"column":4},"end":{"line":14,"column":54}},"8":{"start":{"line":15,"column":4},"end":{"line":15,"column":60}},"9":{"start":{"line":15,"column":17},"end":{"line":15,"column":60}},"10":{"start":{"line":18,"column":2},"end":{"line":18,"column":19}}},"fnMap":{"0":{"name":"useIsMobile","decl":{"start":{"line":5,"column":16},"end":{"line":5,"column":27}},"loc":{"start":{"line":5,"column":30},"end":{"line":19,"column":1}},"line":5},"1":{"name":"(anonymous_1)","decl":{"start":{"line":8,"column":18},"end":{"line":8,"column":19}},"loc":{"start":{"line":8,"column":24},"end":{"line":16,"column":3}},"line":8},"2":{"name":"(anonymous_2)","decl":{"start":{"line":10,"column":21},"end":{"line":10,"column":22}},"loc":{"start":{"line":10,"column":27},"end":{"line":12,"column":5}},"line":10},"3":{"name":"(anonymous_3)","decl":{"start":{"line":15,"column":11},"end":{"line":15,"column":12}},"loc":{"start":{"line":15,"column":17},"end":{"line":15,"column":60}},"line":15}},"branchMap":{},"s":{"0":0,"1":0,"2":0,"3":0,"4":0,"5":0,"6":0,"7":0,"8":0,"9":0,"10":0},"f":{"0":0,"1":0,"2":0,"3":0},"b":{}}
,"/Users/preet/Developer/blinksapp/components/ui/use-toast.ts": {"path":"/Users/preet/Developer/blinksapp/components/ui/use-toast.ts","statementMap":{"0":{"start":{"line":11,"column":20},"end":{"line":11,"column":21}},"1":{"start":{"line":12,"column":27},"end":{"line":12,"column":34}},"2":{"start":{"line":21,"column":20},"end":{"line":26,"column":10}},"3":{"start":{"line":28,"column":12},"end":{"line":28,"column":13}},"4":{"start":{"line":31,"column":2},"end":{"line":31,"column":47}},"5":{"start":{"line":32,"column":2},"end":{"line":32,"column":25}},"6":{"start":{"line":59,"column":22},"end":{"line":59,"column":70}},"7":{"start":{"line":61,"column":25},"end":{"line":75,"column":1}},"8":{"start":{"line":62,"column":2},"end":{"line":64,"column":3}},"9":{"start":{"line":63,"column":4},"end":{"line":63,"column":10}},"10":{"start":{"line":66,"column":18},"end":{"line":72,"column":24}},"11":{"start":{"line":67,"column":4},"end":{"line":67,"column":33}},"12":{"start":{"line":68,"column":4},"end":{"line":71,"column":6}},"13":{"start":{"line":74,"column":2},"end":{"line":74,"column":37}},"14":{"start":{"line":77,"column":23},"end":{"line":130,"column":1}},"15":{"start":{"line":78,"column":2},"end":{"line":129,"column":3}},"16":{"start":{"line":80,"column":6},"end":{"line":83,"column":7}},"17":{"start":{"line":86,"column":6},"end":{"line":91,"column":7}},"18":{"start":{"line":89,"column":10},"end":{"line":89,"column":66}},"19":{"start":{"line":94,"column":26},"end":{"line":94,"column":32}},"20":{"start":{"line":98,"column":6},"end":{"line":104,"column":7}},"21":{"start":{"line":99,"column":8},"end":{"line":99,"column":33}},"22":{"start":{"line":101,"column":8},"end":{"line":103,"column":10}},"23":{"start":{"line":102,"column":10},"end":{"line":102,"column":36}},"24":{"start":{"line":106,"column":6},"end":{"line":116,"column":7}},"25":{"start":{"line":109,"column":10},"end":{"line":114,"column":15}},"26":{"start":{"line":119,"column":6},"end":{"line":124,"column":7}},"27":{"start":{"line":120,"column":8},"end":{"line":123,"column":9}},"28":{"start":{"line":125,"column":6},"end":{"line":128,"column":7}},"29":{"start":{"line":127,"column":43},"end":{"line":127,"column":66}},"30":{"start":{"line":132,"column":49},"end":{"line":132,"column":51}},"31":{"start":{"line":134,"column":25},"end":{"line":134,"column":39}},"32":{"start":{"line":137,"column":2},"end":{"line":137,"column":44}},"33":{"start":{"line":138,"column":2},"end":{"line":140,"column":4}},"34":{"start":{"line":139,"column":4},"end":{"line":139,"column":25}},"35":{"start":{"line":146,"column":13},"end":{"line":146,"column":20}},"36":{"start":{"line":148,"column":17},"end":{"line":152,"column":6}},"37":{"start":{"line":149,"column":4},"end":{"line":152,"column":6}},"38":{"start":{"line":153,"column":18},"end":{"line":153,"column":72}},"39":{"start":{"line":153,"column":24},"end":{"line":153,"column":72}},"40":{"start":{"line":155,"column":2},"end":{"line":165,"column":4}},"41":{"start":{"line":162,"column":8},"end":{"line":162,"column":28}},"42":{"start":{"line":162,"column":19},"end":{"line":162,"column":28}},"43":{"start":{"line":167,"column":2},"end":{"line":171,"column":3}},"44":{"start":{"line":175,"column":28},"end":{"line":175,"column":62}},"45":{"start":{"line":177,"column":2},"end":{"line":185,"column":13}},"46":{"start":{"line":178,"column":4},"end":{"line":178,"column":28}},"47":{"start":{"line":179,"column":4},"end":{"line":184,"column":5}},"48":{"start":{"line":180,"column":20},"end":{"line":180,"column":47}},"49":{"start":{"line":181,"column":6},"end":{"line":183,"column":7}},"50":{"start":{"line":182,"column":8},"end":{"line":182,"column":34}},"51":{"start":{"line":187,"column":2},"end":{"line":191,"column":3}},"52":{"start":{"line":190,"column":35},"end":{"line":190,"column":79}}},"fnMap":{"0":{"name":"genId","decl":{"start":{"line":30,"column":9},"end":{"line":30,"column":14}},"loc":{"start":{"line":30,"column":17},"end":{"line":33,"column":1}},"line":30},"1":{"name":"(anonymous_1)","decl":{"start":{"line":61,"column":25},"end":{"line":61,"column":26}},"loc":{"start":{"line":61,"column":46},"end":{"line":75,"column":1}},"line":61},"2":{"name":"(anonymous_2)","decl":{"start":{"line":66,"column":29},"end":{"line":66,"column":30}},"loc":{"start":{"line":66,"column":35},"end":{"line":72,"column":3}},"line":66},"3":{"name":"(anonymous_3)","decl":{"start":{"line":77,"column":23},"end":{"line":77,"column":24}},"loc":{"start":{"line":77,"column":64},"end":{"line":130,"column":1}},"line":77},"4":{"name":"(anonymous_4)","decl":{"start":{"line":88,"column":33},"end":{"line":88,"column":34}},"loc":{"start":{"line":89,"column":10},"end":{"line":89,"column":66}},"line":89},"5":{"name":"(anonymous_5)","decl":{"start":{"line":101,"column":29},"end":{"line":101,"column":30}},"loc":{"start":{"line":101,"column":40},"end":{"line":103,"column":9}},"line":101},"6":{"name":"(anonymous_6)","decl":{"start":{"line":108,"column":33},"end":{"line":108,"column":34}},"loc":{"start":{"line":109,"column":10},"end":{"line":114,"column":15}},"line":109},"7":{"name":"(anonymous_7)","decl":{"start":{"line":127,"column":36},"end":{"line":127,"column":37}},"loc":{"start":{"line":127,"column":43},"end":{"line":127,"column":66}},"line":127},"8":{"name":"dispatch","decl":{"start":{"line":136,"column":9},"end":{"line":136,"column":17}},"loc":{"start":{"line":136,"column":34},"end":{"line":141,"column":1}},"line":136},"9":{"name":"(anonymous_9)","decl":{"start":{"line":138,"column":20},"end":{"line":138,"column":21}},"loc":{"start":{"line":138,"column":34},"end":{"line":140,"column":3}},"line":138},"10":{"name":"toast","decl":{"start":{"line":145,"column":9},"end":{"line":145,"column":14}},"loc":{"start":{"line":145,"column":36},"end":{"line":172,"column":1}},"line":145},"11":{"name":"(anonymous_11)","decl":{"start":{"line":148,"column":17},"end":{"line":148,"column":18}},"loc":{"start":{"line":149,"column":4},"end":{"line":152,"column":6}},"line":149},"12":{"name":"(anonymous_12)","decl":{"start":{"line":153,"column":18},"end":{"line":153,"column":19}},"loc":{"start":{"line":153,"column":24},"end":{"line":153,"column":72}},"line":153},"13":{"name":"(anonymous_13)","decl":{"start":{"line":161,"column":20},"end":{"line":161,"column":21}},"loc":{"start":{"line":161,"column":30},"end":{"line":163,"column":7}},"line":161},"14":{"name":"useToast","decl":{"start":{"line":174,"column":9},"end":{"line":174,"column":17}},"loc":{"start":{"line":174,"column":20},"end":{"line":192,"column":1}},"line":174},"15":{"name":"(anonymous_15)","decl":{"start":{"line":177,"column":18},"end":{"line":177,"column":19}},"loc":{"start":{"line":177,"column":24},"end":{"line":185,"column":3}},"line":177},"16":{"name":"(anonymous_16)","decl":{"start":{"line":179,"column":11},"end":{"line":179,"column":12}},"loc":{"start":{"line":179,"column":17},"end":{"line":184,"column":5}},"line":179},"17":{"name":"(anonymous_17)","decl":{"start":{"line":190,"column":13},"end":{"line":190,"column":14}},"loc":{"start":{"line":190,"column":35},"end":{"line":190,"column":79}},"line":190}},"branchMap":{"0":{"loc":{"start":{"line":62,"column":2},"end":{"line":64,"column":3}},"type":"if","locations":[{"start":{"line":62,"column":2},"end":{"line":64,"column":3}},{"start":{},"end":{}}],"line":62},"1":{"loc":{"start":{"line":78,"column":2},"end":{"line":129,"column":3}},"type":"switch","locations":[{"start":{"line":79,"column":4},"end":{"line":83,"column":7}},{"start":{"line":85,"column":4},"end":{"line":91,"column":7}},{"start":{"line":93,"column":4},"end":{"line":117,"column":5}},{"start":{"line":118,"column":4},"end":{"line":128,"column":7}}],"line":78},"2":{"loc":{"start":{"line":89,"column":10},"end":{"line":89,"column":66}},"type":"cond-expr","locations":[{"start":{"line":89,"column":37},"end":{"line":89,"column":62}},{"start":{"line":89,"column":65},"end":{"line":89,"column":66}}],"line":89},"3":{"loc":{"start":{"line":98,"column":6},"end":{"line":104,"column":7}},"type":"if","locations":[{"start":{"line":98,"column":6},"end":{"line":104,"column":7}},{"start":{"line":100,"column":13},"end":{"line":104,"column":7}}],"line":98},"4":{"loc":{"start":{"line":109,"column":10},"end":{"line":114,"column":15}},"type":"cond-expr","locations":[{"start":{"line":110,"column":14},"end":{"line":113,"column":15}},{"start":{"line":114,"column":14},"end":{"line":114,"column":15}}],"line":109},"5":{"loc":{"start":{"line":109,"column":10},"end":{"line":109,"column":51}},"type":"binary-expr","locations":[{"start":{"line":109,"column":10},"end":{"line":109,"column":26}},{"start":{"line":109,"column":30},"end":{"line":109,"column":51}}],"line":109},"6":{"loc":{"start":{"line":119,"column":6},"end":{"line":124,"column":7}},"type":"if","locations":[{"start":{"line":119,"column":6},"end":{"line":124,"column":7}},{"start":{},"end":{}}],"line":119},"7":{"loc":{"start":{"line":162,"column":8},"end":{"line":162,"column":28}},"type":"if","locations":[{"start":{"line":162,"column":8},"end":{"line":162,"column":28}},{"start":{},"end":{}}],"line":162},"8":{"loc":{"start":{"line":181,"column":6},"end":{"line":183,"column":7}},"type":"if","locations":[{"start":{"line":181,"column":6},"end":{"line":183,"column":7}},{"start":{},"end":{}}],"line":181}},"s":{"0":0,"1":0,"2":0,"3":0,"4":0,"5":0,"6":0,"7":0,"8":0,"9":0,"10":0,"11":0,"12":0,"13":0,"14":0,"15":0,"16":0,"17":0,"18":0,"19":0,"20":0,"21":0,"22":0,"23":0,"24":0,"25":0,"26":0,"27":0,"28":0,"29":0,"30":0,"31":0,"32":0,"33":0,"34":0,"35":0,"36":0,"37":0,"38":0,"39":0,"40":0,"41":0,"42":0,"43":0,"44":0,"45":0,"46":0,"47":0,"48":0,"49":0,"50":0,"51":0,"52":0},"f":{"0":0,"1":0,"2":0,"3":0,"4":0,"5":0,"6":0,"7":0,"8":0,"9":0,"10":0,"11":0,"12":0,"13":0,"14":0,"15":0,"16":0,"17":0},"b":{"0":[0,0],"1":[0,0,0,0],"2":[0,0],"3":[0,0],"4":[0,0],"5":[0,0],"6":[0,0],"7":[0,0],"8":[0,0]}}
}
